Prediction start

hs: 4
neg_type: clique
imb: 1
seed: 9
gn: email-Eu


Loading cached data..
..done: 0.614152193069458 seconds

Preparing 1-dim dataset..
..done: 4.988092660903931 seconds

Train/testing..
feature: gm
-----------------------
auc_pr for gm-1: 0.975976988949285
auc_roc for gm-1: 0.7949150338793803
                  PR1       PR2      ROC1      ROC2   /      %PR2     %ROC2
email-Eu     0.975977  0.978318  0.794915  0.799228 NaN  0.239879  0.542613
email-Enron  0.973950  0.968308  0.754831  0.723430 NaN -0.579294 -4.160000
Results\hedge-4\negtype-clique-1\seed-9\agg\gm-aggregate.csv
Results\hedge-4\negtype-clique-1\seed-9\gm-email-Eu
Train/testing..
feature: hm
-----------------------
auc_pr for hm-1: 0.98816364892337
auc_roc for hm-1: 0.9185938910047569
                  PR1       PR2      ROC1      ROC2   /          %PR2     %ROC2
email-Eu     0.988164  0.988161  0.918594  0.918315 NaN -2.786269e-04 -0.030388
email-Enron  0.981666  0.981666  0.838164  0.838164 NaN  1.130958e-14  0.000000
Results\hedge-4\negtype-clique-1\seed-9\agg\hm-aggregate.csv
Results\hedge-4\negtype-clique-1\seed-9\hm-email-Eu
Train/testing..
feature: am
-----------------------
auc_pr for am-1: 0.9814250448975342
auc_roc for am-1: 0.8557526116948868
                  PR1       PR2      ROC1      ROC2   /      %PR2     %ROC2
email-Eu     0.981425  0.981406  0.855753  0.852273 NaN -0.001927 -0.406626
email-Enron  0.982553  0.978738  0.855072  0.833333 NaN -0.388216 -2.542373
Results\hedge-4\negtype-clique-1\seed-9\agg\am-aggregate.csv
Results\hedge-4\negtype-clique-1\seed-9\am-email-Eu
Train/testing..
feature: cn
-----------------------
auc_pr for cn-1: 0.9455367212678939
auc_roc for cn-1: 0.6723795102402913
                  PR1       PR2      ROC1      ROC2   /      %PR2      %ROC2
email-Eu     0.945537  0.964621  0.672380  0.748826 NaN  2.018360  11.369556
email-Enron  0.934479  0.930364  0.609903  0.572464 NaN -0.440334  -6.138614
Results\hedge-4\negtype-clique-1\seed-9\agg\cn-aggregate.csv
Results\hedge-4\negtype-clique-1\seed-9\cn-email-Eu
Train/testing..
feature: jc
-----------------------
auc_pr for jc-1: 0.9430474345385123
auc_roc for jc-1: 0.6468437877605959
                  PR1       PR2      ROC1      ROC2   /      %PR2     %ROC2
email-Eu     0.943047  0.942514  0.646844  0.649035 NaN -0.056608  0.338733
email-Enron  0.962025  0.963236  0.684783  0.690821 NaN  0.125915  0.881834
Results\hedge-4\negtype-clique-1\seed-9\agg\jc-aggregate.csv
Results\hedge-4\negtype-clique-1\seed-9\jc-email-Eu
Train/testing..
feature: aa
-----------------------
auc_pr for aa-1: 0.9478755388995175
auc_roc for aa-1: 0.6791974487220668
                  PR1       PR2      ROC1      ROC2   /      %PR2     %ROC2
email-Eu     0.947876  0.960641  0.679197  0.736773 NaN  1.346781  8.477038
email-Enron  0.937309  0.934636  0.613527  0.584541 NaN -0.285128 -4.724409
Results\hedge-4\negtype-clique-1\seed-9\agg\aa-aggregate.csv
Results\hedge-4\negtype-clique-1\seed-9\aa-email-Eu
Preparing 2-dim dataset..
