##############################
Settings:
Graph Name: email-Enron
Hyperedge Size: 4
Sampling Type: clique
Imbalance Ratio: 1
##############################
Generating timestamped hedges
Generating unique hedges...
..done
Sampling positive and negative hedges...
Generating 2-pg..
..done
n_iter: 0
# node iterations 160
# cliques found: 138
Generating pgs..
Generating 2-pg..
..done
Generating 2-pg..
..done
Generating 3-pg..
..done
Generating 3-pg..
..done
..done
Saving...
Saved!
------------------------------
HyperGraph: email-Enron
Target Hedge Size: 4
# of transactions: 10883
# of hedges: 1512
------------------------------
Pos/Neg samples
Settings:
Sampling type: clique
Seed: 9	Imbalance: 1
------------------------------
Train:
Neg: 69	Pos: 69
Imbalance: 1.00 (Actual)
------------------------------
Test:
Neg: 69	Pos: 69
Imbalance: 1.00 (Actual)
------------------------------

##############################
Settings:
Graph Name: email-Enron
Hyperedge Size: 4
Sampling Type: clique
Imbalance Ratio: 2
##############################
Generating timestamped hedges
Generating unique hedges...
..done
Sampling positive and negative hedges...
Generating 2-pg..
..done
n_iter: 0
# node iterations 319
# cliques found: 276
Generating pgs..
Generating 2-pg..
..done
Generating 2-pg..
..done
Generating 3-pg..
..done
Generating 3-pg..
..done
..done
Saving...
Saved!
------------------------------
HyperGraph: email-Enron
Target Hedge Size: 4
# of transactions: 10883
# of hedges: 1512
------------------------------
Pos/Neg samples
Settings:
Sampling type: clique
Seed: 9	Imbalance: 2
------------------------------
Train:
Neg: 138	Pos: 69
Imbalance: 2.00 (Actual)
------------------------------
Test:
Neg: 138	Pos: 69
Imbalance: 2.00 (Actual)
------------------------------

##############################
Settings:
Graph Name: email-Enron
Hyperedge Size: 4
Sampling Type: star
Imbalance Ratio: 1
##############################
Generating timestamped hedges
Generating unique hedges...
..done
Sampling positive and negative hedges...
Generating 2-pg..
..done
# node iterations 24
# hubs found: 138
Generating pgs..
Generating 2-pg..
..done
Generating 2-pg..
..done
Generating 3-pg..
..done
Generating 3-pg..
..done
..done
Saving...
Saved!
------------------------------
HyperGraph: email-Enron
Target Hedge Size: 4
# of transactions: 10883
# of hedges: 1512
------------------------------
Pos/Neg samples
Settings:
Sampling type: star
Seed: 9	Imbalance: 1
------------------------------
Train:
Neg: 69	Pos: 69
Imbalance: 1.00 (Actual)
------------------------------
Test:
Neg: 69	Pos: 69
Imbalance: 1.00 (Actual)
------------------------------

##############################
Settings:
Graph Name: email-Enron
Hyperedge Size: 4
Sampling Type: star
Imbalance Ratio: 2
##############################
Generating timestamped hedges
Generating unique hedges...
..done
Sampling positive and negative hedges...
Generating 2-pg..
..done
# node iterations 47
# hubs found: 276
Generating pgs..
Generating 2-pg..
..done
Generating 2-pg..
..done
Generating 3-pg..
..done
Generating 3-pg..
..done
..done
Saving...
Saved!
------------------------------
HyperGraph: email-Enron
Target Hedge Size: 4
# of transactions: 10883
# of hedges: 1512
------------------------------
Pos/Neg samples
Settings:
Sampling type: star
Seed: 9	Imbalance: 2
------------------------------
Train:
Neg: 138	Pos: 69
Imbalance: 2.00 (Actual)
------------------------------
Test:
Neg: 138	Pos: 69
Imbalance: 2.00 (Actual)
------------------------------

##############################
Settings:
Graph Name: email-Enron
Hyperedge Size: 4
Sampling Type: tailed
Imbalance Ratio: 1
##############################
Generating timestamped hedges
Generating unique hedges...
..done
Sampling positive and negative hedges...
Generating 2-pg..
..done
n_iter: 0
# node iterations 2
# 4-tailed found: 139
Generating pgs..
Generating 2-pg..
..done
Generating 2-pg..
..done
Generating 3-pg..
..done
Generating 3-pg..
..done
..done
Saving...
Saved!
------------------------------
HyperGraph: email-Enron
Target Hedge Size: 4
# of transactions: 10883
# of hedges: 1512
------------------------------
Pos/Neg samples
Settings:
Sampling type: tailed
Seed: 9	Imbalance: 1
------------------------------
Train:
Neg: 69	Pos: 69
Imbalance: 1.00 (Actual)
------------------------------
Test:
Neg: 70	Pos: 69
Imbalance: 1.01 (Actual)
------------------------------

##############################
Settings:
Graph Name: email-Enron
Hyperedge Size: 4
Sampling Type: tailed
Imbalance Ratio: 2
##############################
Generating timestamped hedges
Generating unique hedges...
..done
Sampling positive and negative hedges...
Generating 2-pg..
..done
n_iter: 0
# node iterations 3
# 4-tailed found: 276
Generating pgs..
Generating 2-pg..
..done
Generating 2-pg..
..done
Generating 3-pg..
..done
Generating 3-pg..
..done
..done
Saving...
Saved!
------------------------------
HyperGraph: email-Enron
Target Hedge Size: 4
# of transactions: 10883
# of hedges: 1512
------------------------------
Pos/Neg samples
Settings:
Sampling type: tailed
Seed: 9	Imbalance: 2
------------------------------
Train:
Neg: 138	Pos: 69
Imbalance: 2.00 (Actual)
------------------------------
Test:
Neg: 138	Pos: 69
Imbalance: 2.00 (Actual)
------------------------------

##############################
Settings:
Graph Name: email-Enron
Hyperedge Size: 5
Sampling Type: clique
Imbalance Ratio: 1
##############################
Generating timestamped hedges
Generating unique hedges...
..done
Sampling positive and negative hedges...
Generating 2-pg..
..done
n_iter: 0
# node iterations 101
# cliques found: 63
Generating pgs..
Generating 2-pg..
..done
Generating 2-pg..
..done
Generating 3-pg..
..done
Generating 3-pg..
..done
Generating 4-pg..
..done
Generating 4-pg..
..done
..done
Saving...
Saved!
------------------------------
HyperGraph: email-Enron
Target Hedge Size: 5
# of transactions: 10883
# of hedges: 1512
------------------------------
Pos/Neg samples
Settings:
Sampling type: clique
Seed: 9	Imbalance: 1
------------------------------
Train:
Neg: 31	Pos: 31
Imbalance: 1.00 (Actual)
------------------------------
Test:
Neg: 32	Pos: 32
Imbalance: 1.00 (Actual)
------------------------------

##############################
Settings:
Graph Name: email-Enron
Hyperedge Size: 5
Sampling Type: clique
Imbalance Ratio: 2
##############################
Generating timestamped hedges
Generating unique hedges...
..done
Sampling positive and negative hedges...
Generating 2-pg..
..done
n_iter: 0
# node iterations 192
# cliques found: 126
Generating pgs..
Generating 2-pg..
..done
Generating 2-pg..
..done
Generating 3-pg..
..done
Generating 3-pg..
..done
Generating 4-pg..
..done
Generating 4-pg..
..done
..done
Saving...
Saved!
------------------------------
HyperGraph: email-Enron
Target Hedge Size: 5
# of transactions: 10883
# of hedges: 1512
------------------------------
Pos/Neg samples
Settings:
Sampling type: clique
Seed: 9	Imbalance: 2
------------------------------
Train:
Neg: 63	Pos: 31
Imbalance: 2.03 (Actual)
------------------------------
Test:
Neg: 63	Pos: 32
Imbalance: 1.97 (Actual)
------------------------------

##############################
Settings:
Graph Name: email-Enron
Hyperedge Size: 5
Sampling Type: star
Imbalance Ratio: 1
##############################
Generating timestamped hedges
Generating unique hedges...
..done
Sampling positive and negative hedges...
Generating 2-pg..
..done
# node iterations 10
# hubs found: 63
Generating pgs..
Generating 2-pg..
..done
Generating 2-pg..
..done
Generating 3-pg..
..done
Generating 3-pg..
..done
Generating 4-pg..
..done
Generating 4-pg..
..done
..done
Saving...
Saved!
------------------------------
HyperGraph: email-Enron
Target Hedge Size: 5
# of transactions: 10883
# of hedges: 1512
------------------------------
Pos/Neg samples
Settings:
Sampling type: star
Seed: 9	Imbalance: 1
------------------------------
Train:
Neg: 31	Pos: 31
Imbalance: 1.00 (Actual)
------------------------------
Test:
Neg: 32	Pos: 32
Imbalance: 1.00 (Actual)
------------------------------

##############################
Settings:
Graph Name: email-Enron
Hyperedge Size: 5
Sampling Type: star
Imbalance Ratio: 2
##############################
Generating timestamped hedges
Generating unique hedges...
..done
Sampling positive and negative hedges...
Generating 2-pg..
..done
# node iterations 24
# hubs found: 126
Generating pgs..
Generating 2-pg..
..done
Generating 2-pg..
..done
Generating 3-pg..
..done
Generating 3-pg..
..done
Generating 4-pg..
..done
Generating 4-pg..
..done
..done
Saving...
Saved!
------------------------------
HyperGraph: email-Enron
Target Hedge Size: 5
# of transactions: 10883
# of hedges: 1512
------------------------------
Pos/Neg samples
Settings:
Sampling type: star
Seed: 9	Imbalance: 2
------------------------------
Train:
Neg: 63	Pos: 31
Imbalance: 2.03 (Actual)
------------------------------
Test:
Neg: 63	Pos: 32
Imbalance: 1.97 (Actual)
------------------------------

##############################
Settings:
Graph Name: email-Enron
Hyperedge Size: 5
Sampling Type: tailed
Imbalance Ratio: 1
##############################
Generating timestamped hedges
Generating unique hedges...
..done
Sampling positive and negative hedges...
Generating 2-pg..
..done
n_iter: 0
# node iterations 4
# 5-tailed found: 63
Generating pgs..
Generating 2-pg..
..done
Generating 2-pg..
..done
Generating 3-pg..
..done
Generating 3-pg..
..done
Generating 4-pg..
..done
Generating 4-pg..
..done
..done
Saving...
Saved!
------------------------------
HyperGraph: email-Enron
Target Hedge Size: 5
# of transactions: 10883
# of hedges: 1512
------------------------------
Pos/Neg samples
Settings:
Sampling type: tailed
Seed: 9	Imbalance: 1
------------------------------
Train:
Neg: 31	Pos: 31
Imbalance: 1.00 (Actual)
------------------------------
Test:
Neg: 32	Pos: 32
Imbalance: 1.00 (Actual)
------------------------------

##############################
Settings:
Graph Name: email-Enron
Hyperedge Size: 5
Sampling Type: tailed
Imbalance Ratio: 2
##############################
Generating timestamped hedges
Generating unique hedges...
..done
Sampling positive and negative hedges...
Generating 2-pg..
..done
n_iter: 0
# node iterations 5
# 5-tailed found: 126
Generating pgs..
Generating 2-pg..
..done
Generating 2-pg..
..done
Generating 3-pg..
..done
Generating 3-pg..
..done
Generating 4-pg..
..done
Generating 4-pg..
..done
..done
Saving...
Saved!
------------------------------
HyperGraph: email-Enron
Target Hedge Size: 5
# of transactions: 10883
# of hedges: 1512
------------------------------
Pos/Neg samples
Settings:
Sampling type: tailed
Seed: 9	Imbalance: 2
------------------------------
Train:
Neg: 63	Pos: 31
Imbalance: 2.03 (Actual)
------------------------------
Test:
Neg: 63	Pos: 32
Imbalance: 1.97 (Actual)
------------------------------

