Prediction start

hs: 4
neg_type: clique
imb: 1
seed: 9
gn: email-Eu


Loading cached data..
..done: 0.5796816349029541 seconds

Preparing 1-dim dataset..
..done: 5.022122144699097 seconds

Train/testing..
feature: gm
-----------------------
auc_pr for gm-1: 0.975976988949285
auc_roc for gm-1: 0.7949150338793803
               PR1  PR2      ROC1 ROC2    / %PR2 %ROC2
email-Eu  0.975977  NaN  0.794915  NaN  NaN  NaN   NaN
Results\hedge-4\negtype-clique-1\seed-9\agg\gm-aggregate.csv
Results\hedge-4\negtype-clique-1\seed-9\gm-email-Eu
Train/testing..
feature: hm
-----------------------
auc_pr for hm-1: 0.98816364892337
auc_roc for hm-1: 0.9185938910047569
               PR1  PR2      ROC1 ROC2    / %PR2 %ROC2
email-Eu  0.988164  NaN  0.918594  NaN  NaN  NaN   NaN
Results\hedge-4\negtype-clique-1\seed-9\agg\hm-aggregate.csv
Results\hedge-4\negtype-clique-1\seed-9\hm-email-Eu
Train/testing..
feature: am
-----------------------
auc_pr for am-1: 0.9814250448975342
auc_roc for am-1: 0.8557526116948868
               PR1  PR2      ROC1 ROC2    / %PR2 %ROC2
email-Eu  0.981425  NaN  0.855753  NaN  NaN  NaN   NaN
Results\hedge-4\negtype-clique-1\seed-9\agg\am-aggregate.csv
Results\hedge-4\negtype-clique-1\seed-9\am-email-Eu
Train/testing..
feature: cn
-----------------------
auc_pr for cn-1: 0.9455367212678939
auc_roc for cn-1: 0.6723795102402913
               PR1  PR2     ROC1 ROC2    / %PR2 %ROC2
email-Eu  0.945537  NaN  0.67238  NaN  NaN  NaN   NaN
Results\hedge-4\negtype-clique-1\seed-9\agg\cn-aggregate.csv
Results\hedge-4\negtype-clique-1\seed-9\cn-email-Eu
Train/testing..
feature: jc
-----------------------
auc_pr for jc-1: 0.9430474345385123
auc_roc for jc-1: 0.6468437877605959
               PR1  PR2      ROC1 ROC2    / %PR2 %ROC2
email-Eu  0.943047  NaN  0.646844  NaN  NaN  NaN   NaN
Results\hedge-4\negtype-clique-1\seed-9\agg\jc-aggregate.csv
Results\hedge-4\negtype-clique-1\seed-9\jc-email-Eu
Train/testing..
feature: aa
-----------------------
auc_pr for aa-1: 0.9478755388995175
auc_roc for aa-1: 0.6791974487220668
               PR1  PR2      ROC1 ROC2    / %PR2 %ROC2
email-Eu  0.947876  NaN  0.679197  NaN  NaN  NaN   NaN
Results\hedge-4\negtype-clique-1\seed-9\agg\aa-aggregate.csv
Results\hedge-4\negtype-clique-1\seed-9\aa-email-Eu
Preparing 2-dim dataset..
..done: 6.42343544960022 seconds

Train/testing..
feature: gm
-----------------------
auc_pr for gm-2: 0.978318156283119
auc_roc for gm-2: 0.7992283454932013
               PR1       PR2      ROC1      ROC2   /      %PR2     %ROC2
email-Eu  0.975977  0.978318  0.794915  0.799228 NaN  0.239879  0.542613
Results\hedge-4\negtype-clique-1\seed-9\agg\gm-aggregate.csv
Results\hedge-4\negtype-clique-1\seed-9\gm-email-Eu
Train/testing..
feature: hm
-----------------------
auc_pr for hm-2: 0.9881608956333232
auc_roc for hm-2: 0.9183147493843589
               PR1       PR2      ROC1      ROC2   /      %PR2     %ROC2
email-Eu  0.988164  0.988161  0.918594  0.918315 NaN -0.000279 -0.030388
Results\hedge-4\negtype-clique-1\seed-9\agg\hm-aggregate.csv
Results\hedge-4\negtype-clique-1\seed-9\hm-email-Eu
Train/testing..
feature: am
-----------------------
auc_pr for am-2: 0.9814061281097693
auc_roc for am-2: 0.8522729010844461
               PR1       PR2      ROC1      ROC2   /      %PR2     %ROC2
email-Eu  0.981425  0.981406  0.855753  0.852273 NaN -0.001927 -0.406626
Results\hedge-4\negtype-clique-1\seed-9\agg\am-aggregate.csv
Results\hedge-4\negtype-clique-1\seed-9\am-email-Eu
Train/testing..
feature: cn
-----------------------
auc_pr for cn-2: 0.964621052013326
auc_roc for cn-2: 0.748826075651203
               PR1       PR2     ROC1      ROC2   /     %PR2      %ROC2
email-Eu  0.945537  0.964621  0.67238  0.748826 NaN  2.01836  11.369556
Results\hedge-4\negtype-clique-1\seed-9\agg\cn-aggregate.csv
Results\hedge-4\negtype-clique-1\seed-9\cn-email-Eu
Train/testing..
feature: jc
-----------------------
auc_pr for jc-2: 0.9425135911604142
auc_roc for jc-2: 0.6490348582878295
               PR1       PR2      ROC1      ROC2   /      %PR2     %ROC2
email-Eu  0.943047  0.942514  0.646844  0.649035 NaN -0.056608  0.338733
Results\hedge-4\negtype-clique-1\seed-9\agg\jc-aggregate.csv
Results\hedge-4\negtype-clique-1\seed-9\jc-email-Eu
Train/testing..
feature: aa
-----------------------
auc_pr for aa-2: 0.9606413438489796
auc_roc for aa-2: 0.7367732758225118
               PR1       PR2      ROC1      ROC2   /      %PR2     %ROC2
email-Eu  0.947876  0.960641  0.679197  0.736773 NaN  1.346781  8.477038
Results\hedge-4\negtype-clique-1\seed-9\agg\aa-aggregate.csv
Results\hedge-4\negtype-clique-1\seed-9\aa-email-Eu
--- 13.996910095214844 seconds ---

Prediction start

hs: 4
neg_type: clique
imb: 2
seed: 9
gn: email-Eu


Loading cached data..
..done: 0.58414626121521 seconds

Preparing 1-dim dataset..
..done: 6.060354471206665 seconds

Train/testing..
feature: gm
-----------------------
auc_pr for gm-1: 0.9308475099582574
auc_roc for gm-1: 0.8154936172966881
               PR1  PR2      ROC1 ROC2    / %PR2 %ROC2
email-Eu  0.930848  NaN  0.815494  NaN  NaN  NaN   NaN
Results\hedge-4\negtype-clique-2\seed-9\agg\gm-aggregate.csv
Results\hedge-4\negtype-clique-2\seed-9\gm-email-Eu
Train/testing..
feature: hm
-----------------------
auc_pr for hm-1: 0.953609190965357
auc_roc for hm-1: 0.9056604851082947
               PR1  PR2     ROC1 ROC2    / %PR2 %ROC2
email-Eu  0.953609  NaN  0.90566  NaN  NaN  NaN   NaN
Results\hedge-4\negtype-clique-2\seed-9\agg\hm-aggregate.csv
Results\hedge-4\negtype-clique-2\seed-9\hm-email-Eu
Train/testing..
feature: am
-----------------------
auc_pr for am-1: 0.9470570003950922
auc_roc for am-1: 0.8814907314696018
               PR1  PR2      ROC1 ROC2    / %PR2 %ROC2
email-Eu  0.947057  NaN  0.881491  NaN  NaN  NaN   NaN
Results\hedge-4\negtype-clique-2\seed-9\agg\am-aggregate.csv
Results\hedge-4\negtype-clique-2\seed-9\am-email-Eu
Train/testing..
feature: cn
-----------------------
auc_pr for cn-1: 0.8245689758511426
auc_roc for cn-1: 0.6819403570354409
               PR1  PR2     ROC1 ROC2    / %PR2 %ROC2
email-Eu  0.824569  NaN  0.68194  NaN  NaN  NaN   NaN
Results\hedge-4\negtype-clique-2\seed-9\agg\cn-aggregate.csv
Results\hedge-4\negtype-clique-2\seed-9\cn-email-Eu
Train/testing..
feature: jc
-----------------------
auc_pr for jc-1: 0.7896999169841583
auc_roc for jc-1: 0.6321864899129302
             PR1  PR2      ROC1 ROC2    / %PR2 %ROC2
email-Eu  0.7897  NaN  0.632186  NaN  NaN  NaN   NaN
Results\hedge-4\negtype-clique-2\seed-9\agg\jc-aggregate.csv
Results\hedge-4\negtype-clique-2\seed-9\jc-email-Eu
Train/testing..
feature: aa
-----------------------
auc_pr for aa-1: 0.8272592605606899
auc_roc for aa-1: 0.6849756151418357
               PR1  PR2      ROC1 ROC2    / %PR2 %ROC2
email-Eu  0.827259  NaN  0.684976  NaN  NaN  NaN   NaN
Results\hedge-4\negtype-clique-2\seed-9\agg\aa-aggregate.csv
Results\hedge-4\negtype-clique-2\seed-9\aa-email-Eu
Preparing 2-dim dataset..
..done: 7.614701509475708 seconds

Train/testing..
feature: gm
-----------------------
auc_pr for gm-2: 0.9389514397157013
auc_roc for gm-2: 0.8249391806230798
               PR1       PR2      ROC1      ROC2   /      %PR2     %ROC2
email-Eu  0.930848  0.938951  0.815494  0.824939 NaN  0.870597  1.158263
Results\hedge-4\negtype-clique-2\seed-9\agg\gm-aggregate.csv
Results\hedge-4\negtype-clique-2\seed-9\gm-email-Eu
Train/testing..
feature: hm
-----------------------
auc_pr for hm-2: 0.9535536265643282
auc_roc for hm-2: 0.905563402534807
               PR1       PR2     ROC1      ROC2   /      %PR2    %ROC2
email-Eu  0.953609  0.953554  0.90566  0.905563 NaN -0.005827 -0.01072
Results\hedge-4\negtype-clique-2\seed-9\agg\hm-aggregate.csv
Results\hedge-4\negtype-clique-2\seed-9\hm-email-Eu
Train/testing..
feature: am
-----------------------
auc_pr for am-2: 0.9485638252167841
auc_roc for am-2: 0.8829507772316618
               PR1       PR2      ROC1      ROC2   /      %PR2     %ROC2
email-Eu  0.947057  0.948564  0.881491  0.882951 NaN  0.159106  0.165634
Results\hedge-4\negtype-clique-2\seed-9\agg\am-aggregate.csv
Results\hedge-4\negtype-clique-2\seed-9\am-email-Eu
Train/testing..
feature: cn
-----------------------
auc_pr for cn-2: 0.8813910364297691
auc_roc for cn-2: 0.742932959724057
               PR1       PR2     ROC1      ROC2   /      %PR2     %ROC2
email-Eu  0.824569  0.881391  0.68194  0.742933 NaN  6.891123  8.943979
Results\hedge-4\negtype-clique-2\seed-9\agg\cn-aggregate.csv
Results\hedge-4\negtype-clique-2\seed-9\cn-email-Eu
Train/testing..
feature: jc
-----------------------
auc_pr for jc-2: 0.7907285679435394
auc_roc for jc-2: 0.6353112162733235
             PR1       PR2      ROC1      ROC2   /      %PR2     %ROC2
email-Eu  0.7897  0.790729  0.632186  0.635311 NaN  0.130258  0.494273
Results\hedge-4\negtype-clique-2\seed-9\agg\jc-aggregate.csv
Results\hedge-4\negtype-clique-2\seed-9\jc-email-Eu
Train/testing..
feature: aa
-----------------------
auc_pr for aa-2: 0.8757059043719206
auc_roc for aa-2: 0.7418107993893315
               PR1       PR2      ROC1      ROC2   /      %PR2     %ROC2
email-Eu  0.827259  0.875706  0.684976  0.741811 NaN  5.856283  8.297403
Results\hedge-4\negtype-clique-2\seed-9\agg\aa-aggregate.csv
Results\hedge-4\negtype-clique-2\seed-9\aa-email-Eu
--- 16.24499773979187 seconds ---

Prediction start

hs: 4
neg_type: star
imb: 1
seed: 9
gn: email-Eu


Loading cached data..
..done: 0.6622543334960938 seconds

Preparing 1-dim dataset..
..done: 5.038125514984131 seconds

Train/testing..
feature: gm
-----------------------
auc_pr for gm-1: 0.9906728643804558
auc_roc for gm-1: 0.9053671668272687
               PR1  PR2      ROC1 ROC2    / %PR2 %ROC2
email-Eu  0.990673  NaN  0.905367  NaN  NaN  NaN   NaN
Results\hedge-4\negtype-star-1\seed-9\agg\gm-aggregate.csv
Results\hedge-4\negtype-star-1\seed-9\gm-email-Eu
Train/testing..
feature: hm
-----------------------
auc_pr for hm-1: 0.9915399324664036
auc_roc for hm-1: 0.9188462656204592
              PR1  PR2      ROC1 ROC2    / %PR2 %ROC2
email-Eu  0.99154  NaN  0.918846  NaN  NaN  NaN   NaN
Results\hedge-4\negtype-star-1\seed-9\agg\hm-aggregate.csv
Results\hedge-4\negtype-star-1\seed-9\hm-email-Eu
Train/testing..
feature: am
-----------------------
auc_pr for am-1: 0.9914569045737045
auc_roc for am-1: 0.9364283638477188
               PR1  PR2      ROC1 ROC2    / %PR2 %ROC2
email-Eu  0.991457  NaN  0.936428  NaN  NaN  NaN   NaN
Results\hedge-4\negtype-star-1\seed-9\agg\am-aggregate.csv
Results\hedge-4\negtype-star-1\seed-9\am-email-Eu
Train/testing..
feature: cn
-----------------------
auc_pr for cn-1: 0.9550577397395668
auc_roc for cn-1: 0.7195582679453646
               PR1  PR2      ROC1 ROC2    / %PR2 %ROC2
email-Eu  0.955058  NaN  0.719558  NaN  NaN  NaN   NaN
Results\hedge-4\negtype-star-1\seed-9\agg\cn-aggregate.csv
Results\hedge-4\negtype-star-1\seed-9\cn-email-Eu
Train/testing..
feature: jc
-----------------------
auc_pr for jc-1: 0.9616509609340655
auc_roc for jc-1: 0.7516251395708102
               PR1  PR2      ROC1 ROC2    / %PR2 %ROC2
email-Eu  0.961651  NaN  0.751625  NaN  NaN  NaN   NaN
Results\hedge-4\negtype-star-1\seed-9\agg\jc-aggregate.csv
Results\hedge-4\negtype-star-1\seed-9\jc-email-Eu
Train/testing..
feature: aa
-----------------------
auc_pr for aa-1: 0.9578292116273415
auc_roc for aa-1: 0.7351596078251427
               PR1  PR2     ROC1 ROC2    / %PR2 %ROC2
email-Eu  0.957829  NaN  0.73516  NaN  NaN  NaN   NaN
Results\hedge-4\negtype-star-1\seed-9\agg\aa-aggregate.csv
Results\hedge-4\negtype-star-1\seed-9\aa-email-Eu
Preparing 2-dim dataset..
..done: 6.284404516220093 seconds

Train/testing..
feature: gm
-----------------------
auc_pr for gm-2: 0.9902611659999184
auc_roc for gm-2: 0.90421236176754
               PR1       PR2      ROC1      ROC2   /      %PR2     %ROC2
email-Eu  0.990673  0.990261  0.905367  0.904212 NaN -0.041557 -0.127551
Results\hedge-4\negtype-star-1\seed-9\agg\gm-aggregate.csv
Results\hedge-4\negtype-star-1\seed-9\gm-email-Eu
Train/testing..
feature: hm
-----------------------
auc_pr for hm-2: 0.9915419527282718
auc_roc for hm-2: 0.9193280717049817
              PR1       PR2      ROC1      ROC2   /      %PR2     %ROC2
email-Eu  0.99154  0.991542  0.918846  0.919328 NaN  0.000204  0.052436
Results\hedge-4\negtype-star-1\seed-9\agg\hm-aggregate.csv
Results\hedge-4\negtype-star-1\seed-9\hm-email-Eu
Train/testing..
feature: am
-----------------------
auc_pr for am-2: 0.991438661556248
auc_roc for am-2: 0.9360498019241652
               PR1       PR2      ROC1     ROC2   /     %PR2     %ROC2
email-Eu  0.991457  0.991439  0.936428  0.93605 NaN -0.00184 -0.040426
Results\hedge-4\negtype-star-1\seed-9\agg\am-aggregate.csv
Results\hedge-4\negtype-star-1\seed-9\am-email-Eu
Train/testing..
feature: cn
-----------------------
auc_pr for cn-2: 0.9840450578761264
auc_roc for cn-2: 0.8843359488520778
               PR1       PR2      ROC1      ROC2   /      %PR2      %ROC2
email-Eu  0.955058  0.984045  0.719558  0.884336 NaN  3.035138  22.899838
Results\hedge-4\negtype-star-1\seed-9\agg\cn-aggregate.csv
Results\hedge-4\negtype-star-1\seed-9\cn-email-Eu
Train/testing..
feature: jc
-----------------------
auc_pr for jc-2: 0.9648399999772508
auc_roc for jc-2: 0.7724651646553176
               PR1      PR2      ROC1      ROC2   /      %PR2     %ROC2
email-Eu  0.961651  0.96484  0.751625  0.772465 NaN  0.331621  2.772662
Results\hedge-4\negtype-star-1\seed-9\agg\jc-aggregate.csv
Results\hedge-4\negtype-star-1\seed-9\jc-email-Eu
Train/testing..
feature: aa
-----------------------
auc_pr for aa-2: 0.9838795209386937
auc_roc for aa-2: 0.8837088361706358
               PR1      PR2     ROC1      ROC2   /      %PR2      %ROC2
email-Eu  0.957829  0.98388  0.73516  0.883709 NaN  2.719724  20.206391
Results\hedge-4\negtype-star-1\seed-9\agg\aa-aggregate.csv
Results\hedge-4\negtype-star-1\seed-9\aa-email-Eu
--- 13.870765924453735 seconds ---

Prediction start

hs: 4
neg_type: star
imb: 2
seed: 9
gn: email-Eu


Loading cached data..
..done: 0.6311497688293457 seconds

Preparing 1-dim dataset..
..done: 6.0324928760528564 seconds

Train/testing..
feature: gm
-----------------------
auc_pr for gm-1: 0.9679004245058644
auc_roc for gm-1: 0.9045478426729308
             PR1  PR2      ROC1 ROC2    / %PR2 %ROC2
email-Eu  0.9679  NaN  0.904548  NaN  NaN  NaN   NaN
Results\hedge-4\negtype-star-2\seed-9\agg\gm-aggregate.csv
Results\hedge-4\negtype-star-2\seed-9\gm-email-Eu
Train/testing..
feature: hm
-----------------------
auc_pr for hm-1: 0.967758402464449
auc_roc for hm-1: 0.92148494458679
               PR1  PR2      ROC1 ROC2    / %PR2 %ROC2
email-Eu  0.967758  NaN  0.921485  NaN  NaN  NaN   NaN
Results\hedge-4\negtype-star-2\seed-9\agg\hm-aggregate.csv
Results\hedge-4\negtype-star-2\seed-9\hm-email-Eu
Train/testing..
feature: am
-----------------------
auc_pr for am-1: 0.9735422889734155
auc_roc for am-1: 0.9381355577298669
               PR1  PR2      ROC1 ROC2    / %PR2 %ROC2
email-Eu  0.973542  NaN  0.938136  NaN  NaN  NaN   NaN
Results\hedge-4\negtype-star-2\seed-9\agg\am-aggregate.csv
Results\hedge-4\negtype-star-2\seed-9\am-email-Eu
Train/testing..
feature: cn
-----------------------
auc_pr for cn-1: 0.8560088397012792
auc_roc for cn-1: 0.7208247830870735
               PR1  PR2      ROC1 ROC2    / %PR2 %ROC2
email-Eu  0.856009  NaN  0.720825  NaN  NaN  NaN   NaN
Results\hedge-4\negtype-star-2\seed-9\agg\cn-aggregate.csv
Results\hedge-4\negtype-star-2\seed-9\cn-email-Eu
Train/testing..
feature: jc
-----------------------
auc_pr for jc-1: 0.8669551214589286
auc_roc for jc-1: 0.7499019656365761
               PR1  PR2      ROC1 ROC2    / %PR2 %ROC2
email-Eu  0.866955  NaN  0.749902  NaN  NaN  NaN   NaN
Results\hedge-4\negtype-star-2\seed-9\agg\jc-aggregate.csv
Results\hedge-4\negtype-star-2\seed-9\jc-email-Eu
Train/testing..
feature: aa
-----------------------
auc_pr for aa-1: 0.8659779888754309
auc_roc for aa-1: 0.7358145227915618
               PR1  PR2      ROC1 ROC2    / %PR2 %ROC2
email-Eu  0.865978  NaN  0.735815  NaN  NaN  NaN   NaN
Results\hedge-4\negtype-star-2\seed-9\agg\aa-aggregate.csv
Results\hedge-4\negtype-star-2\seed-9\aa-email-Eu
Preparing 2-dim dataset..
..done: 7.527527570724487 seconds

Train/testing..
feature: gm
-----------------------
auc_pr for gm-2: 0.9688977466506836
auc_roc for gm-2: 0.9053616230683423
             PR1       PR2      ROC1      ROC2   /     %PR2     %ROC2
email-Eu  0.9679  0.968898  0.904548  0.905362 NaN  0.10304  0.089965
Results\hedge-4\negtype-star-2\seed-9\agg\gm-aggregate.csv
Results\hedge-4\negtype-star-2\seed-9\gm-email-Eu
Train/testing..
feature: hm
-----------------------
auc_pr for hm-2: 0.9677915478870804
auc_roc for hm-2: 0.9214373550899821
               PR1       PR2      ROC1      ROC2   /      %PR2     %ROC2
email-Eu  0.967758  0.967792  0.921485  0.921437 NaN  0.003425 -0.005164
Results\hedge-4\negtype-star-2\seed-9\agg\hm-aggregate.csv
Results\hedge-4\negtype-star-2\seed-9\hm-email-Eu
Train/testing..
feature: am
-----------------------
auc_pr for am-2: 0.9734994903141616
auc_roc for am-2: 0.937976608810529
               PR1       PR2      ROC1      ROC2   /      %PR2     %ROC2
email-Eu  0.973542  0.973499  0.938136  0.937977 NaN -0.004396 -0.016943
Results\hedge-4\negtype-star-2\seed-9\agg\am-aggregate.csv
Results\hedge-4\negtype-star-2\seed-9\am-email-Eu
Train/testing..
feature: cn
-----------------------
auc_pr for cn-2: 0.959148443319055
auc_roc for cn-2: 0.8986229503203725
               PR1       PR2      ROC1      ROC2   /       %PR2      %ROC2
email-Eu  0.856009  0.959148  0.720825  0.898623 NaN  12.048895  24.665934
Results\hedge-4\negtype-star-2\seed-9\agg\cn-aggregate.csv
Results\hedge-4\negtype-star-2\seed-9\cn-email-Eu
Train/testing..
feature: jc
-----------------------
auc_pr for jc-2: 0.8847282090278075
auc_roc for jc-2: 0.7849154620178709
               PR1       PR2      ROC1      ROC2   /      %PR2     %ROC2
email-Eu  0.866955  0.884728  0.749902  0.784915 NaN  2.050059  4.669076
Results\hedge-4\negtype-star-2\seed-9\agg\jc-aggregate.csv
Results\hedge-4\negtype-star-2\seed-9\jc-email-Eu
Train/testing..
feature: aa
-----------------------
auc_pr for aa-2: 0.960542647784309
auc_roc for aa-2: 0.9017505320505743
               PR1       PR2      ROC1      ROC2   /       %PR2      %ROC2
email-Eu  0.865978  0.960543  0.735815  0.901751 NaN  10.919984  22.551337
Results\hedge-4\negtype-star-2\seed-9\agg\aa-aggregate.csv
Results\hedge-4\negtype-star-2\seed-9\aa-email-Eu
--- 16.15790581703186 seconds ---

Prediction start

hs: 4
neg_type: tailed
imb: 1
seed: 9
gn: email-Eu


Loading cached data..
..done: 0.6337039470672607 seconds

Preparing 1-dim dataset..
..done: 5.085047960281372 seconds

Train/testing..
feature: gm
-----------------------
auc_pr for gm-1: 0.993694546404889
auc_roc for gm-1: 0.93025283347864
               PR1  PR2      ROC1 ROC2    / %PR2 %ROC2
email-Eu  0.993695  NaN  0.930253  NaN  NaN  NaN   NaN
Results\hedge-4\negtype-tailed-1\seed-9\agg\gm-aggregate.csv
Results\hedge-4\negtype-tailed-1\seed-9\gm-email-Eu
Train/testing..
feature: hm
-----------------------
auc_pr for hm-1: 0.9866160524705361
auc_roc for hm-1: 0.8853072087367504
               PR1  PR2      ROC1 ROC2    / %PR2 %ROC2
email-Eu  0.986616  NaN  0.885307  NaN  NaN  NaN   NaN
Results\hedge-4\negtype-tailed-1\seed-9\agg\hm-aggregate.csv
Results\hedge-4\negtype-tailed-1\seed-9\hm-email-Eu
Train/testing..
feature: am
-----------------------
auc_pr for am-1: 0.992890557401838
auc_roc for am-1: 0.9330098349622967
               PR1  PR2     ROC1 ROC2    / %PR2 %ROC2
email-Eu  0.992891  NaN  0.93301  NaN  NaN  NaN   NaN
Results\hedge-4\negtype-tailed-1\seed-9\agg\am-aggregate.csv
Results\hedge-4\negtype-tailed-1\seed-9\am-email-Eu
Train/testing..
feature: cn
-----------------------
auc_pr for cn-1: 0.9590921313710477
auc_roc for cn-1: 0.7604926658407134
               PR1  PR2      ROC1 ROC2    / %PR2 %ROC2
email-Eu  0.959092  NaN  0.760493  NaN  NaN  NaN   NaN
Results\hedge-4\negtype-tailed-1\seed-9\agg\cn-aggregate.csv
Results\hedge-4\negtype-tailed-1\seed-9\cn-email-Eu
Train/testing..
feature: jc
-----------------------
auc_pr for jc-1: 0.9694660173623422
auc_roc for jc-1: 0.7995763165542453
               PR1  PR2      ROC1 ROC2    / %PR2 %ROC2
email-Eu  0.969466  NaN  0.799576  NaN  NaN  NaN   NaN
Results\hedge-4\negtype-tailed-1\seed-9\agg\jc-aggregate.csv
Results\hedge-4\negtype-tailed-1\seed-9\jc-email-Eu
Train/testing..
feature: aa
-----------------------
auc_pr for aa-1: 0.9615771052999439
auc_roc for aa-1: 0.7694557885559583
               PR1  PR2      ROC1 ROC2    / %PR2 %ROC2
email-Eu  0.961577  NaN  0.769456  NaN  NaN  NaN   NaN
Results\hedge-4\negtype-tailed-1\seed-9\agg\aa-aggregate.csv
Results\hedge-4\negtype-tailed-1\seed-9\aa-email-Eu
Preparing 2-dim dataset..
..done: 6.414433240890503 seconds

Train/testing..
feature: gm
-----------------------
auc_pr for gm-2: 0.993694546404889
auc_roc for gm-2: 0.93025283347864
               PR1       PR2      ROC1  ...   /          %PR2         %ROC2
email-Eu  0.993695  0.993695  0.930253  ... NaN -1.117268e-14 -1.193464e-14

[1 rows x 7 columns]
Results\hedge-4\negtype-tailed-1\seed-9\agg\gm-aggregate.csv
Results\hedge-4\negtype-tailed-1\seed-9\gm-email-Eu
Train/testing..
feature: hm
-----------------------
auc_pr for hm-2: 0.986637151160652
auc_roc for hm-2: 0.8854142767555332
               PR1       PR2      ROC1      ROC2   /      %PR2     %ROC2
email-Eu  0.986616  0.986637  0.885307  0.885414 NaN  0.002138  0.012094
Results\hedge-4\negtype-tailed-1\seed-9\agg\hm-aggregate.csv
Results\hedge-4\negtype-tailed-1\seed-9\hm-email-Eu
Train/testing..
feature: am
-----------------------
auc_pr for am-2: 0.9929768613157388
auc_roc for am-2: 0.9337937258140993
               PR1       PR2     ROC1      ROC2   /      %PR2     %ROC2
email-Eu  0.992891  0.992977  0.93301  0.933794 NaN  0.008692  0.084017
Results\hedge-4\negtype-tailed-1\seed-9\agg\am-aggregate.csv
Results\hedge-4\negtype-tailed-1\seed-9\am-email-Eu
Train/testing..
feature: cn
-----------------------
auc_pr for cn-2: 0.9915013357021029
auc_roc for cn-2: 0.9269528441854418
               PR1       PR2      ROC1      ROC2   /      %PR2      %ROC2
email-Eu  0.959092  0.991501  0.760493  0.926953 NaN  3.379154  21.888466
Results\hedge-4\negtype-tailed-1\seed-9\agg\cn-aggregate.csv
Results\hedge-4\negtype-tailed-1\seed-9\cn-email-Eu
Train/testing..
feature: jc
-----------------------
auc_pr for jc-2: 0.971471470488671
auc_roc for jc-2: 0.8137016473179461
               PR1       PR2      ROC1      ROC2   /      %PR2     %ROC2
email-Eu  0.969466  0.971471  0.799576  0.813702 NaN  0.206862  1.766602
Results\hedge-4\negtype-tailed-1\seed-9\agg\jc-aggregate.csv
Results\hedge-4\negtype-tailed-1\seed-9\jc-email-Eu
Train/testing..
feature: aa
-----------------------
auc_pr for aa-2: 0.9909878935165365
auc_roc for aa-2: 0.9241881949861576
               PR1       PR2      ROC1      ROC2   /      %PR2     %ROC2
email-Eu  0.961577  0.990988  0.769456  0.924188 NaN  3.058599  20.10933
Results\hedge-4\negtype-tailed-1\seed-9\agg\aa-aggregate.csv
Results\hedge-4\negtype-tailed-1\seed-9\aa-email-Eu
--- 14.002561092376709 seconds ---

Prediction start

hs: 4
neg_type: tailed
imb: 2
seed: 9
gn: email-Eu


Loading cached data..
..done: 0.5800609588623047 seconds

Preparing 1-dim dataset..
..done: 6.064464330673218 seconds

Train/testing..
feature: gm
-----------------------
auc_pr for gm-1: 0.9784463992373846
auc_roc for gm-1: 0.9245858761987794
               PR1  PR2      ROC1 ROC2    / %PR2 %ROC2
email-Eu  0.978446  NaN  0.924586  NaN  NaN  NaN   NaN
Results\hedge-4\negtype-tailed-2\seed-9\agg\gm-aggregate.csv
Results\hedge-4\negtype-tailed-2\seed-9\gm-email-Eu
Train/testing..
feature: hm
-----------------------
auc_pr for hm-1: 0.9487726904856255
auc_roc for hm-1: 0.8818125525905411
               PR1  PR2      ROC1 ROC2    / %PR2 %ROC2
email-Eu  0.948773  NaN  0.881813  NaN  NaN  NaN   NaN
Results\hedge-4\negtype-tailed-2\seed-9\agg\hm-aggregate.csv
Results\hedge-4\negtype-tailed-2\seed-9\hm-email-Eu
Train/testing..
feature: am
-----------------------
auc_pr for am-1: 0.967480362643392
auc_roc for am-1: 0.9144865928547143
              PR1  PR2      ROC1 ROC2    / %PR2 %ROC2
email-Eu  0.96748  NaN  0.914487  NaN  NaN  NaN   NaN
Results\hedge-4\negtype-tailed-2\seed-9\agg\am-aggregate.csv
Results\hedge-4\negtype-tailed-2\seed-9\am-email-Eu
Train/testing..
feature: cn
-----------------------
auc_pr for cn-1: 0.8735529382493401
auc_roc for cn-1: 0.7828920001595523
               PR1  PR2      ROC1 ROC2    / %PR2 %ROC2
email-Eu  0.873553  NaN  0.782892  NaN  NaN  NaN   NaN
Results\hedge-4\negtype-tailed-2\seed-9\agg\cn-aggregate.csv
Results\hedge-4\negtype-tailed-2\seed-9\cn-email-Eu
Train/testing..
feature: jc
-----------------------
auc_pr for jc-1: 0.8797759403744962
auc_roc for jc-1: 0.7942620039394233
               PR1  PR2      ROC1 ROC2    / %PR2 %ROC2
email-Eu  0.879776  NaN  0.794262  NaN  NaN  NaN   NaN
Results\hedge-4\negtype-tailed-2\seed-9\agg\jc-aggregate.csv
Results\hedge-4\negtype-tailed-2\seed-9\jc-email-Eu
Train/testing..
feature: aa
-----------------------
auc_pr for aa-1: 0.8797155903631173
auc_roc for aa-1: 0.7877478997023589
               PR1  PR2      ROC1 ROC2    / %PR2 %ROC2
email-Eu  0.879716  NaN  0.787748  NaN  NaN  NaN   NaN
Results\hedge-4\negtype-tailed-2\seed-9\agg\aa-aggregate.csv
Results\hedge-4\negtype-tailed-2\seed-9\aa-email-Eu
Preparing 2-dim dataset..
..done: 7.90576696395874 seconds

Train/testing..
feature: gm
-----------------------
auc_pr for gm-2: 0.9784463992373846
auc_roc for gm-2: 0.9245858761987794
               PR1       PR2      ROC1      ROC2   /  %PR2  %ROC2
email-Eu  0.978446  0.978446  0.924586  0.924586 NaN   0.0    0.0
Results\hedge-4\negtype-tailed-2\seed-9\agg\gm-aggregate.csv
Results\hedge-4\negtype-tailed-2\seed-9\gm-email-Eu
Train/testing..
feature: hm
-----------------------
auc_pr for hm-2: 0.9476403245767251
auc_roc for hm-2: 0.8762595612690489
               PR1      PR2      ROC1     ROC2   /      %PR2     %ROC2
email-Eu  0.948773  0.94764  0.881813  0.87626 NaN -0.119351 -0.629725
Results\hedge-4\negtype-tailed-2\seed-9\agg\hm-aggregate.csv
Results\hedge-4\negtype-tailed-2\seed-9\hm-email-Eu
Train/testing..
feature: am
-----------------------
auc_pr for am-2: 0.9671679581881991
auc_roc for am-2: 0.9137553112885181
              PR1       PR2      ROC1      ROC2   /      %PR2     %ROC2
email-Eu  0.96748  0.967168  0.914487  0.913755 NaN -0.032291 -0.079966
Results\hedge-4\negtype-tailed-2\seed-9\agg\am-aggregate.csv
Results\hedge-4\negtype-tailed-2\seed-9\am-email-Eu
Train/testing..
feature: cn
-----------------------
auc_pr for cn-2: 0.9537657950906471
auc_roc for cn-2: 0.9102499083523752
               PR1       PR2      ROC1     ROC2   /      %PR2      %ROC2
email-Eu  0.873553  0.953766  0.782892  0.91025 NaN  9.182369  16.267622
Results\hedge-4\negtype-tailed-2\seed-9\agg\cn-aggregate.csv
Results\hedge-4\negtype-tailed-2\seed-9\cn-email-Eu
Train/testing..
feature: jc
-----------------------
auc_pr for jc-2: 0.888272973745492
auc_roc for jc-2: 0.8129875606156441
               PR1       PR2      ROC1      ROC2   /      %PR2     %ROC2
email-Eu  0.879776  0.888273  0.794262  0.812988 NaN  0.965818  2.357604
Results\hedge-4\negtype-tailed-2\seed-9\agg\jc-aggregate.csv
Results\hedge-4\negtype-tailed-2\seed-9\jc-email-Eu
Train/testing..
feature: aa
-----------------------
auc_pr for aa-2: 0.9533198639944666
auc_roc for aa-2: 0.9081918730875087
               PR1      PR2      ROC1      ROC2   /      %PR2     %ROC2
email-Eu  0.879716  0.95332  0.787748  0.908192 NaN  8.366826  15.28966
Results\hedge-4\negtype-tailed-2\seed-9\agg\aa-aggregate.csv
Results\hedge-4\negtype-tailed-2\seed-9\aa-email-Eu
--- 16.546973705291748 seconds ---

Prediction start

hs: 5
neg_type: clique
imb: 1
seed: 9
gn: email-Eu


Loading cached data..
..done: 6.348559617996216 seconds

Preparing 1-dim dataset..
..done: 3.11173415184021 seconds

Train/testing..
feature: gm
-----------------------
auc_pr for gm-1: 0.9779042151512445
auc_roc for gm-1: 0.7982050173010381
               PR1  PR2  PR3      ROC1 ROC2 ROC3    / %PR2 %PR3 %ROC2 %PR3
email-Eu  0.977904  NaN  NaN  0.798205  NaN  NaN  NaN  NaN  NaN   NaN  NaN
Results\hedge-5\negtype-clique-1\seed-9\agg\gm-aggregate.csv
Results\hedge-5\negtype-clique-1\seed-9\gm-email-Eu
Train/testing..
feature: hm
-----------------------
auc_pr for hm-1: 0.9883258925744514
auc_roc for hm-1: 0.9062716262975778
               PR1  PR2  PR3      ROC1 ROC2 ROC3    / %PR2 %PR3 %ROC2 %PR3
email-Eu  0.988326  NaN  NaN  0.906272  NaN  NaN  NaN  NaN  NaN   NaN  NaN
Results\hedge-5\negtype-clique-1\seed-9\agg\hm-aggregate.csv
Results\hedge-5\negtype-clique-1\seed-9\hm-email-Eu
Train/testing..
feature: am
-----------------------
auc_pr for am-1: 0.9849285468213123
auc_roc for am-1: 0.8707504325259516
               PR1  PR2  PR3     ROC1 ROC2 ROC3    / %PR2 %PR3 %ROC2 %PR3
email-Eu  0.984929  NaN  NaN  0.87075  NaN  NaN  NaN  NaN  NaN   NaN  NaN
Results\hedge-5\negtype-clique-1\seed-9\agg\am-aggregate.csv
Results\hedge-5\negtype-clique-1\seed-9\am-email-Eu
Train/testing..
feature: cn
-----------------------
auc_pr for cn-1: 0.9568524139957169
auc_roc for cn-1: 0.7134191176470588
               PR1  PR2  PR3      ROC1 ROC2 ROC3    / %PR2 %PR3 %ROC2 %PR3
email-Eu  0.956852  NaN  NaN  0.713419  NaN  NaN  NaN  NaN  NaN   NaN  NaN
Results\hedge-5\negtype-clique-1\seed-9\agg\cn-aggregate.csv
Results\hedge-5\negtype-clique-1\seed-9\cn-email-Eu
Train/testing..
feature: jc
-----------------------
auc_pr for jc-1: 0.9334274151247957
auc_roc for jc-1: 0.6173767301038063
               PR1  PR2  PR3      ROC1 ROC2 ROC3    / %PR2 %PR3 %ROC2 %PR3
email-Eu  0.933427  NaN  NaN  0.617377  NaN  NaN  NaN  NaN  NaN   NaN  NaN
Results\hedge-5\negtype-clique-1\seed-9\agg\jc-aggregate.csv
Results\hedge-5\negtype-clique-1\seed-9\jc-email-Eu
Train/testing..
feature: aa
-----------------------
auc_pr for aa-1: 0.9582109452693001
auc_roc for aa-1: 0.7146301903114187
               PR1  PR2  PR3     ROC1 ROC2 ROC3    / %PR2 %PR3 %ROC2 %PR3
email-Eu  0.958211  NaN  NaN  0.71463  NaN  NaN  NaN  NaN  NaN   NaN  NaN
Results\hedge-5\negtype-clique-1\seed-9\agg\aa-aggregate.csv
Results\hedge-5\negtype-clique-1\seed-9\aa-email-Eu
Preparing 2-dim dataset..
..done: 4.341472864151001 seconds

Train/testing..
feature: gm
-----------------------
auc_pr for gm-2: 0.9778762498129812
auc_roc for gm-2: 0.798205017301038
               PR1       PR2  PR3  ...  %PR3         %ROC2  %PR3.1
email-Eu  0.977904  0.977876  NaN  ...   NaN -1.390900e-14     NaN

[1 rows x 11 columns]
Results\hedge-5\negtype-clique-1\seed-9\agg\gm-aggregate.csv
Results\hedge-5\negtype-clique-1\seed-9\gm-email-Eu
Train/testing..
feature: hm
-----------------------
auc_pr for hm-2: 0.988328016723517
auc_roc for hm-2: 0.9062716262975778
               PR1       PR2  PR3      ROC1  ...      %PR2  %PR3  %ROC2  %PR3.1
email-Eu  0.988326  0.988328  NaN  0.906272  ...  0.000215   NaN    0.0     NaN

[1 rows x 11 columns]
Results\hedge-5\negtype-clique-1\seed-9\agg\hm-aggregate.csv
Results\hedge-5\negtype-clique-1\seed-9\hm-email-Eu
Train/testing..
feature: am
-----------------------
auc_pr for am-2: 0.984337621133959
auc_roc for am-2: 0.8678957612456748
               PR1       PR2  PR3     ROC1  ...      %PR2  %PR3    %ROC2  %PR3.1
email-Eu  0.984929  0.984338  NaN  0.87075  ... -0.059997   NaN -0.32784     NaN

[1 rows x 11 columns]
Results\hedge-5\negtype-clique-1\seed-9\agg\am-aggregate.csv
Results\hedge-5\negtype-clique-1\seed-9\am-email-Eu
Train/testing..
feature: cn
-----------------------
auc_pr for cn-2: 0.9719324421706131
auc_roc for cn-2: 0.7969723183391003
               PR1       PR2  PR3      ROC1  ...      %PR2  %PR3      %ROC2  %PR3.1
email-Eu  0.956852  0.971932  NaN  0.713419  ...  1.576004   NaN  11.711657     NaN

[1 rows x 11 columns]
Results\hedge-5\negtype-clique-1\seed-9\agg\cn-aggregate.csv
Results\hedge-5\negtype-clique-1\seed-9\cn-email-Eu
Train/testing..
feature: jc
-----------------------
auc_pr for jc-2: 0.9334135065031917
auc_roc for jc-2: 0.6204584775086506
               PR1       PR2  PR3      ROC1  ...     %PR2  %PR3     %ROC2  %PR3.1
email-Eu  0.933427  0.933414  NaN  0.617377  ... -0.00149   NaN  0.499168     NaN

[1 rows x 11 columns]
Results\hedge-5\negtype-clique-1\seed-9\agg\jc-aggregate.csv
Results\hedge-5\negtype-clique-1\seed-9\jc-email-Eu
Train/testing..
feature: aa
-----------------------
auc_pr for aa-2: 0.9717475711598521
auc_roc for aa-2: 0.7957828719723183
               PR1       PR2  PR3     ROC1  ...      %PR2  %PR3      %ROC2  %PR3.1
email-Eu  0.958211  0.971748  NaN  0.71463  ...  1.412698   NaN  11.355899     NaN

[1 rows x 11 columns]
Results\hedge-5\negtype-clique-1\seed-9\agg\aa-aggregate.csv
Results\hedge-5\negtype-clique-1\seed-9\aa-email-Eu
Preparing 3-dim dataset..
..done: 5.353195905685425 seconds

Train/testing..
feature: gm
-----------------------
auc_pr for gm-3: 0.978222903966355
auc_roc for gm-3: 0.8000216262975778
               PR1       PR2       PR3  ...         %ROC2  %PR3.1     %ROC3
email-Eu  0.977904  0.977876  0.978223  ... -1.390900e-14     NaN  0.227587

[1 rows x 12 columns]
Results\hedge-5\negtype-clique-1\seed-9\agg\gm-aggregate.csv
Results\hedge-5\negtype-clique-1\seed-9\gm-email-Eu
Train/testing..
feature: hm
-----------------------
auc_pr for hm-3: 0.9879553246643509
auc_roc for hm-3: 0.9036115916955018
               PR1       PR2       PR3  ...  %ROC2  %PR3.1     %ROC3
email-Eu  0.988326  0.988328  0.987955  ...    0.0     NaN -0.293514

[1 rows x 12 columns]
Results\hedge-5\negtype-clique-1\seed-9\agg\hm-aggregate.csv
Results\hedge-5\negtype-clique-1\seed-9\hm-email-Eu
Train/testing..
feature: am
-----------------------
auc_pr for am-3: 0.9854898109727792
auc_roc for am-3: 0.8759407439446367
               PR1       PR2      PR3  ...    %ROC2  %PR3.1     %ROC3
email-Eu  0.984929  0.984338  0.98549  ... -0.32784     NaN  0.926953

[1 rows x 12 columns]
Results\hedge-5\negtype-clique-1\seed-9\agg\am-aggregate.csv
Results\hedge-5\negtype-clique-1\seed-9\am-email-Eu
Train/testing..
feature: cn
-----------------------
auc_pr for cn-3: 0.972716194329816
auc_roc for cn-3: 0.7993836505190312
               PR1       PR2       PR3  ...      %ROC2  %PR3.1     %ROC3
email-Eu  0.956852  0.971932  0.972716  ...  11.711657     NaN  0.302562

[1 rows x 12 columns]
Results\hedge-5\negtype-clique-1\seed-9\agg\cn-aggregate.csv
Results\hedge-5\negtype-clique-1\seed-9\cn-email-Eu
Train/testing..
feature: jc
-----------------------
auc_pr for jc-3: 0.9355882062641567
auc_roc for jc-3: 0.6346020761245673
               PR1       PR2       PR3  ...     %ROC2  %PR3.1    %ROC3
email-Eu  0.933427  0.933414  0.935588  ...  0.499168     NaN  2.27954

[1 rows x 12 columns]
Results\hedge-5\negtype-clique-1\seed-9\agg\jc-aggregate.csv
Results\hedge-5\negtype-clique-1\seed-9\jc-email-Eu
Train/testing..
feature: aa
-----------------------
auc_pr for aa-3: 0.9745369817654436
auc_roc for aa-3: 0.8093425605536333
               PR1       PR2       PR3  ...      %ROC2  %PR3.1     %ROC3
email-Eu  0.958211  0.971748  0.974537  ...  11.355899     NaN  1.703943

[1 rows x 12 columns]
Results\hedge-5\negtype-clique-1\seed-9\agg\aa-aggregate.csv
Results\hedge-5\negtype-clique-1\seed-9\aa-email-Eu
--- 23.49423384666443 seconds ---

Prediction start

hs: 5
neg_type: clique
imb: 2
seed: 9
gn: email-Eu


Loading cached data..
..done: 5.306548833847046 seconds

Preparing 1-dim dataset..
..done: 3.6578266620635986 seconds

Train/testing..
feature: gm
-----------------------
auc_pr for gm-1: 0.9123280183178152
auc_roc for gm-1: 0.7934664640764056
               PR1  PR2  PR3      ROC1 ROC2 ROC3    / %PR2 %PR3 %ROC2 %PR3
email-Eu  0.912328  NaN  NaN  0.793466  NaN  NaN  NaN  NaN  NaN   NaN  NaN
Results\hedge-5\negtype-clique-2\seed-9\agg\gm-aggregate.csv
Results\hedge-5\negtype-clique-2\seed-9\gm-email-Eu
Train/testing..
feature: hm
-----------------------
auc_pr for hm-1: 0.9324650120750253
auc_roc for hm-1: 0.8800412415888866
               PR1  PR2  PR3      ROC1 ROC2 ROC3    / %PR2 %PR3 %ROC2 %PR3
email-Eu  0.932465  NaN  NaN  0.880041  NaN  NaN  NaN  NaN  NaN   NaN  NaN
Results\hedge-5\negtype-clique-2\seed-9\agg\hm-aggregate.csv
Results\hedge-5\negtype-clique-2\seed-9\hm-email-Eu
Train/testing..
feature: am
-----------------------
auc_pr for am-1: 0.9269407970988882
auc_roc for am-1: 0.8472813110484045
               PR1  PR2  PR3      ROC1 ROC2 ROC3    / %PR2 %PR3 %ROC2 %PR3
email-Eu  0.926941  NaN  NaN  0.847281  NaN  NaN  NaN  NaN  NaN   NaN  NaN
Results\hedge-5\negtype-clique-2\seed-9\agg\am-aggregate.csv
Results\hedge-5\negtype-clique-2\seed-9\am-email-Eu
Train/testing..
feature: cn
-----------------------
auc_pr for cn-1: 0.8546465263906122
auc_roc for cn-1: 0.7129748209246798
               PR1  PR2  PR3      ROC1 ROC2 ROC3    / %PR2 %PR3 %ROC2 %PR3
email-Eu  0.854647  NaN  NaN  0.712975  NaN  NaN  NaN  NaN  NaN   NaN  NaN
Results\hedge-5\negtype-clique-2\seed-9\agg\cn-aggregate.csv
Results\hedge-5\negtype-clique-2\seed-9\cn-email-Eu
Train/testing..
feature: jc
-----------------------
auc_pr for jc-1: 0.8116378315354308
auc_roc for jc-1: 0.6520675059691773
               PR1  PR2  PR3      ROC1 ROC2 ROC3    / %PR2 %PR3 %ROC2 %PR3
email-Eu  0.811638  NaN  NaN  0.652068  NaN  NaN  NaN  NaN  NaN   NaN  NaN
Results\hedge-5\negtype-clique-2\seed-9\agg\jc-aggregate.csv
Results\hedge-5\negtype-clique-2\seed-9\jc-email-Eu
Train/testing..
feature: aa
-----------------------
auc_pr for aa-1: 0.8581910888821441
auc_roc for aa-1: 0.7134659214239202
               PR1  PR2  PR3      ROC1 ROC2 ROC3    / %PR2 %PR3 %ROC2 %PR3
email-Eu  0.858191  NaN  NaN  0.713466  NaN  NaN  NaN  NaN  NaN   NaN  NaN
Results\hedge-5\negtype-clique-2\seed-9\agg\aa-aggregate.csv
Results\hedge-5\negtype-clique-2\seed-9\aa-email-Eu
Preparing 2-dim dataset..
..done: 5.1331562995910645 seconds

Train/testing..
feature: gm
-----------------------
auc_pr for gm-2: 0.9289572992971973
auc_roc for gm-2: 0.8061048404601693
               PR1       PR2  PR3      ROC1  ...     %PR2  %PR3     %ROC2  %PR3.1
email-Eu  0.912328  0.928957  NaN  0.793466  ...  1.82273   NaN  1.592805     NaN

[1 rows x 11 columns]
Results\hedge-5\negtype-clique-2\seed-9\agg\gm-aggregate.csv
Results\hedge-5\negtype-clique-2\seed-9\gm-email-Eu
Train/testing..
feature: hm
-----------------------
auc_pr for hm-2: 0.9307736756761094
auc_roc for hm-2: 0.8695789016713698
               PR1       PR2  PR3      ROC1  ...      %PR2  %PR3     %ROC2  %PR3.1
email-Eu  0.932465  0.930774  NaN  0.880041  ... -0.181383   NaN -1.188847     NaN

[1 rows x 11 columns]
Results\hedge-5\negtype-clique-2\seed-9\agg\hm-aggregate.csv
Results\hedge-5\negtype-clique-2\seed-9\hm-email-Eu
Train/testing..
feature: am
-----------------------
auc_pr for am-2: 0.9314182480052695
auc_roc for am-2: 0.8511287171695245
               PR1       PR2  PR3      ROC1  ...      %PR2  %PR3     %ROC2  %PR3.1
email-Eu  0.926941  0.931418  NaN  0.847281  ...  0.483035   NaN  0.454088     NaN

[1 rows x 11 columns]
Results\hedge-5\negtype-clique-2\seed-9\agg\am-aggregate.csv
Results\hedge-5\negtype-clique-2\seed-9\am-email-Eu
Train/testing..
feature: cn
-----------------------
auc_pr for cn-2: 0.8906634221429364
auc_roc for cn-2: 0.7629178424137184
               PR1       PR2  PR3      ROC1  ...      %PR2  %PR3     %ROC2  %PR3.1
email-Eu  0.854647  0.890663  NaN  0.712975  ...  4.214245   NaN  7.004879     NaN

[1 rows x 11 columns]
Results\hedge-5\negtype-clique-2\seed-9\agg\cn-aggregate.csv
Results\hedge-5\negtype-clique-2\seed-9\cn-email-Eu
Train/testing..
feature: jc
-----------------------
auc_pr for jc-2: 0.8114129474973002
auc_roc for jc-2: 0.6526128717169525
               PR1       PR2  PR3      ROC1  ...      %PR2  %PR3     %ROC2  %PR3.1
email-Eu  0.811638  0.811413  NaN  0.652068  ... -0.027707   NaN  0.083636     NaN

[1 rows x 11 columns]
Results\hedge-5\negtype-clique-2\seed-9\agg\jc-aggregate.csv
Results\hedge-5\negtype-clique-2\seed-9\jc-email-Eu
Train/testing..
feature: aa
-----------------------
auc_pr for aa-2: 0.8931034378638569
auc_roc for aa-2: 0.7712068591274148
               PR1       PR2  PR3      ROC1  ...      %PR2  %PR3    %ROC2  %PR3.1
email-Eu  0.858191  0.893103  NaN  0.713466  ...  4.068132   NaN  8.09302     NaN

[1 rows x 11 columns]
Results\hedge-5\negtype-clique-2\seed-9\agg\aa-aggregate.csv
Results\hedge-5\negtype-clique-2\seed-9\aa-email-Eu
Preparing 3-dim dataset..
..done: 6.3064656257629395 seconds

Train/testing..
feature: gm
-----------------------
auc_pr for gm-3: 0.9287236574162945
auc_roc for gm-3: 0.8055133492511395
               PR1       PR2       PR3  ...     %ROC2  %PR3.1     %ROC3
email-Eu  0.912328  0.928957  0.928724  ...  1.592805     NaN -0.073376

[1 rows x 12 columns]
Results\hedge-5\negtype-clique-2\seed-9\agg\gm-aggregate.csv
Results\hedge-5\negtype-clique-2\seed-9\gm-email-Eu
Train/testing..
feature: hm
-----------------------
auc_pr for hm-3: 0.930908311917614
auc_roc for hm-3: 0.8681191664857825
               PR1       PR2       PR3  ...     %ROC2  %PR3.1     %ROC3
email-Eu  0.932465  0.930774  0.930908  ... -1.188847     NaN -0.167867

[1 rows x 12 columns]
Results\hedge-5\negtype-clique-2\seed-9\agg\hm-aggregate.csv
Results\hedge-5\negtype-clique-2\seed-9\hm-email-Eu
Train/testing..
feature: am
-----------------------
auc_pr for am-3: 0.9309558278915979
auc_roc for am-3: 0.854476883004124
               PR1       PR2       PR3  ...     %ROC2  %PR3.1     %ROC3
email-Eu  0.926941  0.931418  0.930956  ...  0.454088     NaN  0.393379

[1 rows x 12 columns]
Results\hedge-5\negtype-clique-2\seed-9\agg\am-aggregate.csv
Results\hedge-5\negtype-clique-2\seed-9\am-email-Eu
Train/testing..
feature: cn
-----------------------
auc_pr for cn-3: 0.8990669980381795
auc_roc for cn-3: 0.7702952029520296
               PR1       PR2       PR3  ...     %ROC2  %PR3.1     %ROC3
email-Eu  0.854647  0.890663  0.899067  ...  7.004879     NaN  0.966993

[1 rows x 12 columns]
Results\hedge-5\negtype-clique-2\seed-9\agg\cn-aggregate.csv
Results\hedge-5\negtype-clique-2\seed-9\cn-email-Eu
Train/testing..
feature: jc
-----------------------
auc_pr for jc-3: 0.8274841653379641
auc_roc for jc-3: 0.6800656609507272
               PR1       PR2       PR3  ...     %ROC2  %PR3.1     %ROC3
email-Eu  0.811638  0.811413  0.827484  ...  0.083636     NaN  4.206596

[1 rows x 12 columns]
Results\hedge-5\negtype-clique-2\seed-9\agg\jc-aggregate.csv
Results\hedge-5\negtype-clique-2\seed-9\jc-email-Eu
Train/testing..
feature: aa
-----------------------
auc_pr for aa-3: 0.9097966927072917
auc_roc for aa-3: 0.7913962448448015
               PR1       PR2       PR3  ...    %ROC2  %PR3.1     %ROC3
email-Eu  0.858191  0.893103  0.909797  ...  8.09302     NaN  2.617895

[1 rows x 12 columns]
Results\hedge-5\negtype-clique-2\seed-9\agg\aa-aggregate.csv
Results\hedge-5\negtype-clique-2\seed-9\aa-email-Eu
--- 24.81948971748352 seconds ---

Prediction start

hs: 5
neg_type: star
imb: 1
seed: 9
gn: email-Eu


Loading cached data..
..done: 5.669203042984009 seconds

Preparing 1-dim dataset..
..done: 3.105694055557251 seconds

Train/testing..
feature: gm
-----------------------
auc_pr for gm-1: 0.9923153904713228
auc_roc for gm-1: 0.9181877162629758
               PR1  PR2  PR3      ROC1 ROC2 ROC3    / %PR2 %PR3 %ROC2 %PR3
email-Eu  0.992315  NaN  NaN  0.918188  NaN  NaN  NaN  NaN  NaN   NaN  NaN
Results\hedge-5\negtype-star-1\seed-9\agg\gm-aggregate.csv
Results\hedge-5\negtype-star-1\seed-9\gm-email-Eu
Train/testing..
feature: hm
-----------------------
auc_pr for hm-1: 0.9923277205207164
auc_roc for hm-1: 0.9319852941176471
               PR1  PR2  PR3      ROC1 ROC2 ROC3    / %PR2 %PR3 %ROC2 %PR3
email-Eu  0.992328  NaN  NaN  0.931985  NaN  NaN  NaN  NaN  NaN   NaN  NaN
Results\hedge-5\negtype-star-1\seed-9\agg\hm-aggregate.csv
Results\hedge-5\negtype-star-1\seed-9\hm-email-Eu
Train/testing..
feature: am
-----------------------
auc_pr for am-1: 0.9949572171104452
auc_roc for am-1: 0.9542171280276817
               PR1  PR2  PR3      ROC1 ROC2 ROC3    / %PR2 %PR3 %ROC2 %PR3
email-Eu  0.994957  NaN  NaN  0.954217  NaN  NaN  NaN  NaN  NaN   NaN  NaN
Results\hedge-5\negtype-star-1\seed-9\agg\am-aggregate.csv
Results\hedge-5\negtype-star-1\seed-9\am-email-Eu
Train/testing..
feature: cn
-----------------------
auc_pr for cn-1: 0.9532983938405122
auc_roc for cn-1: 0.7039900519031143
               PR1  PR2  PR3     ROC1 ROC2 ROC3    / %PR2 %PR3 %ROC2 %PR3
email-Eu  0.953298  NaN  NaN  0.70399  NaN  NaN  NaN  NaN  NaN   NaN  NaN
Results\hedge-5\negtype-star-1\seed-9\agg\cn-aggregate.csv
Results\hedge-5\negtype-star-1\seed-9\cn-email-Eu
Train/testing..
feature: jc
-----------------------
auc_pr for jc-1: 0.9626818807135249
auc_roc for jc-1: 0.7381271626297579
               PR1  PR2  PR3      ROC1 ROC2 ROC3    / %PR2 %PR3 %ROC2 %PR3
email-Eu  0.962682  NaN  NaN  0.738127  NaN  NaN  NaN  NaN  NaN   NaN  NaN
Results\hedge-5\negtype-star-1\seed-9\agg\jc-aggregate.csv
Results\hedge-5\negtype-star-1\seed-9\jc-email-Eu
Train/testing..
feature: aa
-----------------------
auc_pr for aa-1: 0.9563125702844835
auc_roc for aa-1: 0.7165765570934255
               PR1  PR2  PR3      ROC1 ROC2 ROC3    / %PR2 %PR3 %ROC2 %PR3
email-Eu  0.956313  NaN  NaN  0.716577  NaN  NaN  NaN  NaN  NaN   NaN  NaN
Results\hedge-5\negtype-star-1\seed-9\agg\aa-aggregate.csv
Results\hedge-5\negtype-star-1\seed-9\aa-email-Eu
Preparing 2-dim dataset..
..done: 4.297969579696655 seconds

Train/testing..
feature: gm
-----------------------
auc_pr for gm-2: 0.9924234682874509
auc_roc for gm-2: 0.9188365051903115
               PR1       PR2  PR3      ROC1  ...      %PR2  %PR3    %ROC2  %PR3.1
email-Eu  0.992315  0.992423  NaN  0.918188  ...  0.010891   NaN  0.07066     NaN

[1 rows x 11 columns]
Results\hedge-5\negtype-star-1\seed-9\agg\gm-aggregate.csv
Results\hedge-5\negtype-star-1\seed-9\gm-email-Eu
Train/testing..
feature: hm
-----------------------
auc_pr for hm-2: 0.9923372377914439
auc_roc for hm-2: 0.9317257785467128
               PR1       PR2  PR3      ROC1  ...      %PR2  %PR3     %ROC2  %PR3.1
email-Eu  0.992328  0.992337  NaN  0.931985  ...  0.000959   NaN -0.027845     NaN

[1 rows x 11 columns]
Results\hedge-5\negtype-star-1\seed-9\agg\hm-aggregate.csv
Results\hedge-5\negtype-star-1\seed-9\hm-email-Eu
Train/testing..
feature: am
-----------------------
auc_pr for am-2: 0.9942819719009631
auc_roc for am-2: 0.9489403114186853
               PR1       PR2  PR3      ROC1  ...      %PR2  %PR3  %ROC2  %PR3.1
email-Eu  0.994957  0.994282  NaN  0.954217  ... -0.067867   NaN -0.553     NaN

[1 rows x 11 columns]
Results\hedge-5\negtype-star-1\seed-9\agg\am-aggregate.csv
Results\hedge-5\negtype-star-1\seed-9\am-email-Eu
Train/testing..
feature: cn
-----------------------
auc_pr for cn-2: 0.9875942292749169
auc_roc for cn-2: 0.8991673875432526
               PR1       PR2  PR3     ROC1  ...      %PR2  %PR3      %ROC2  %PR3.1
email-Eu  0.953298  0.987594  NaN  0.70399  ...  3.597597   NaN  27.724445     NaN

[1 rows x 11 columns]
Results\hedge-5\negtype-star-1\seed-9\agg\cn-aggregate.csv
Results\hedge-5\negtype-star-1\seed-9\cn-email-Eu
Train/testing..
feature: jc
-----------------------
auc_pr for jc-2: 0.9636419729373205
auc_roc for jc-2: 0.7444204152249134
               PR1       PR2  PR3      ROC1  ...      %PR2  %PR3     %ROC2  %PR3.1
email-Eu  0.962682  0.963642  NaN  0.738127  ...  0.099731   NaN  0.852597     NaN

[1 rows x 11 columns]
Results\hedge-5\negtype-star-1\seed-9\agg\jc-aggregate.csv
Results\hedge-5\negtype-star-1\seed-9\jc-email-Eu
Train/testing..
feature: aa
-----------------------
auc_pr for aa-2: 0.9884720735220859
auc_roc for aa-2: 0.9020112456747404
               PR1       PR2  PR3      ROC1  ...      %PR2  %PR3      %ROC2  %PR3.1
email-Eu  0.956313  0.988472  NaN  0.716577  ...  3.362865   NaN  25.877861     NaN

[1 rows x 11 columns]
Results\hedge-5\negtype-star-1\seed-9\agg\aa-aggregate.csv
Results\hedge-5\negtype-star-1\seed-9\aa-email-Eu
Preparing 3-dim dataset..
..done: 5.191180944442749 seconds

Train/testing..
feature: gm
-----------------------
auc_pr for gm-3: 0.9923987941263414
auc_roc for gm-3: 0.9186851211072664
               PR1       PR2       PR3  ...    %ROC2  %PR3.1     %ROC3
email-Eu  0.992315  0.992423  0.992399  ...  0.07066     NaN -0.016476

[1 rows x 12 columns]
Results\hedge-5\negtype-star-1\seed-9\agg\gm-aggregate.csv
Results\hedge-5\negtype-star-1\seed-9\gm-email-Eu
Train/testing..
feature: hm
-----------------------
auc_pr for hm-3: 0.992714572016899
auc_roc for hm-3: 0.9350994809688581
               PR1       PR2       PR3  ...     %ROC2  %PR3.1     %ROC3
email-Eu  0.992328  0.992337  0.992715  ... -0.027845     NaN  0.362092

[1 rows x 12 columns]
Results\hedge-5\negtype-star-1\seed-9\agg\hm-aggregate.csv
Results\hedge-5\negtype-star-1\seed-9\hm-email-Eu
Train/testing..
feature: am
-----------------------
auc_pr for am-3: 0.9934371927180287
auc_roc for am-3: 0.9415008650519032
               PR1       PR2       PR3  ...  %ROC2  %PR3.1     %ROC3
email-Eu  0.994957  0.994282  0.993437  ... -0.553     NaN -0.783974

[1 rows x 12 columns]
Results\hedge-5\negtype-star-1\seed-9\agg\am-aggregate.csv
Results\hedge-5\negtype-star-1\seed-9\am-email-Eu
Train/testing..
feature: cn
-----------------------
auc_pr for cn-3: 0.9911747449338837
auc_roc for cn-3: 0.9199070069204153
               PR1       PR2       PR3  ...      %ROC2  %PR3.1     %ROC3
email-Eu  0.953298  0.987594  0.991175  ...  27.724445     NaN  2.306536

[1 rows x 12 columns]
Results\hedge-5\negtype-star-1\seed-9\agg\cn-aggregate.csv
Results\hedge-5\negtype-star-1\seed-9\cn-email-Eu
Train/testing..
feature: jc
-----------------------
auc_pr for jc-3: 0.9684523219587965
auc_roc for jc-3: 0.7724264705882352
               PR1       PR2       PR3  ...     %ROC2  %PR3.1     %ROC3
email-Eu  0.962682  0.963642  0.968452  ...  0.852597     NaN  3.762129

[1 rows x 12 columns]
Results\hedge-5\negtype-star-1\seed-9\agg\jc-aggregate.csv
Results\hedge-5\negtype-star-1\seed-9\jc-email-Eu
Train/testing..
feature: aa
-----------------------
auc_pr for aa-3: 0.9920799954894437
auc_roc for aa-3: 0.9235726643598616
               PR1       PR2      PR3  ...      %ROC2  %PR3.1     %ROC3
email-Eu  0.956313  0.988472  0.99208  ...  25.877861     NaN  2.390371

[1 rows x 12 columns]
Results\hedge-5\negtype-star-1\seed-9\agg\aa-aggregate.csv
Results\hedge-5\negtype-star-1\seed-9\aa-email-Eu
--- 22.580718517303467 seconds ---

Prediction start

hs: 5
neg_type: star
imb: 2
seed: 9
gn: email-Eu


Loading cached data..
..done: 5.1296985149383545 seconds

Preparing 1-dim dataset..
..done: 3.6098179817199707 seconds

Train/testing..
feature: gm
-----------------------
auc_pr for gm-1: 0.9759552729155422
auc_roc for gm-1: 0.9219475797699154
               PR1  PR2  PR3      ROC1 ROC2 ROC3    / %PR2 %PR3 %ROC2 %PR3
email-Eu  0.975955  NaN  NaN  0.921948  NaN  NaN  NaN  NaN  NaN   NaN  NaN
Results\hedge-5\negtype-star-2\seed-9\agg\gm-aggregate.csv
Results\hedge-5\negtype-star-2\seed-9\gm-email-Eu
Train/testing..
feature: hm
-----------------------
auc_pr for hm-1: 0.9739472377618097
auc_roc for hm-1: 0.9345696765791187
               PR1  PR2  PR3     ROC1 ROC2 ROC3    / %PR2 %PR3 %ROC2 %PR3
email-Eu  0.973947  NaN  NaN  0.93457  NaN  NaN  NaN  NaN  NaN   NaN  NaN
Results\hedge-5\negtype-star-2\seed-9\agg\hm-aggregate.csv
Results\hedge-5\negtype-star-2\seed-9\hm-email-Eu
Train/testing..
feature: am
-----------------------
auc_pr for am-1: 0.9802748460233255
auc_roc for am-1: 0.9508899500759714
               PR1  PR2  PR3     ROC1 ROC2 ROC3    / %PR2 %PR3 %ROC2 %PR3
email-Eu  0.980275  NaN  NaN  0.95089  NaN  NaN  NaN  NaN  NaN   NaN  NaN
Results\hedge-5\negtype-star-2\seed-9\agg\am-aggregate.csv
Results\hedge-5\negtype-star-2\seed-9\am-email-Eu
Train/testing..
feature: cn
-----------------------
auc_pr for cn-1: 0.8728170388382742
auc_roc for cn-1: 0.748990666377252
               PR1  PR2  PR3      ROC1 ROC2 ROC3    / %PR2 %PR3 %ROC2 %PR3
email-Eu  0.872817  NaN  NaN  0.748991  NaN  NaN  NaN  NaN  NaN   NaN  NaN
Results\hedge-5\negtype-star-2\seed-9\agg\cn-aggregate.csv
Results\hedge-5\negtype-star-2\seed-9\cn-email-Eu
Train/testing..
feature: jc
-----------------------
auc_pr for jc-1: 0.8909903557396197
auc_roc for jc-1: 0.7759849142609073
              PR1  PR2  PR3      ROC1 ROC2 ROC3    / %PR2 %PR3 %ROC2 %PR3
email-Eu  0.89099  NaN  NaN  0.775985  NaN  NaN  NaN  NaN  NaN   NaN  NaN
Results\hedge-5\negtype-star-2\seed-9\agg\jc-aggregate.csv
Results\hedge-5\negtype-star-2\seed-9\jc-email-Eu
Train/testing..
feature: aa
-----------------------
auc_pr for aa-1: 0.8804964874900643
auc_roc for aa-1: 0.7624945734751465
               PR1  PR2  PR3      ROC1 ROC2 ROC3    / %PR2 %PR3 %ROC2 %PR3
email-Eu  0.880496  NaN  NaN  0.762495  NaN  NaN  NaN  NaN  NaN   NaN  NaN
Results\hedge-5\negtype-star-2\seed-9\agg\aa-aggregate.csv
Results\hedge-5\negtype-star-2\seed-9\aa-email-Eu
Preparing 2-dim dataset..
..done: 4.9221086502075195 seconds

Train/testing..
feature: gm
-----------------------
auc_pr for gm-2: 0.9761032104105258
auc_roc for gm-2: 0.9221429346646409
               PR1       PR2  PR3      ROC1  ...      %PR2  %PR3     %ROC2  %PR3.1
email-Eu  0.975955  0.976103  NaN  0.921948  ...  0.015158   NaN  0.021189     NaN

[1 rows x 11 columns]
Results\hedge-5\negtype-star-2\seed-9\agg\gm-aggregate.csv
Results\hedge-5\negtype-star-2\seed-9\gm-email-Eu
Train/testing..
feature: hm
-----------------------
auc_pr for hm-2: 0.973131667633985
auc_roc for hm-2: 0.928510961580204
               PR1       PR2  PR3     ROC1  ...      %PR2  %PR3     %ROC2  %PR3.1
email-Eu  0.973947  0.973132  NaN  0.93457  ... -0.083739   NaN -0.648289     NaN

[1 rows x 11 columns]
Results\hedge-5\negtype-star-2\seed-9\agg\hm-aggregate.csv
Results\hedge-5\negtype-star-2\seed-9\hm-email-Eu
Train/testing..
feature: am
-----------------------
auc_pr for am-2: 0.9807652433938026
auc_roc for am-2: 0.9521027783807252
               PR1       PR2  PR3     ROC1  ...      %PR2  %PR3     %ROC2  %PR3.1
email-Eu  0.980275  0.980765  NaN  0.95089  ...  0.050027   NaN  0.127547     NaN

[1 rows x 11 columns]
Results\hedge-5\negtype-star-2\seed-9\agg\am-aggregate.csv
Results\hedge-5\negtype-star-2\seed-9\am-email-Eu
Train/testing..
feature: cn
-----------------------
auc_pr for cn-2: 0.9634413233398862
auc_roc for cn-2: 0.9133465378771435
               PR1       PR2  PR3      ROC1  ...       %PR2  %PR3      %ROC2  %PR3.1
email-Eu  0.872817  0.963441  NaN  0.748991  ...  10.382965   NaN  21.943647     NaN

[1 rows x 11 columns]
Results\hedge-5\negtype-star-2\seed-9\agg\cn-aggregate.csv
Results\hedge-5\negtype-star-2\seed-9\cn-email-Eu
Train/testing..
feature: jc
-----------------------
auc_pr for jc-2: 0.9011818137353053
auc_roc for jc-2: 0.8009767744736271
              PR1       PR2  PR3      ROC1  ...      %PR2  %PR3     %ROC2  %PR3.1
email-Eu  0.89099  0.901182  NaN  0.775985  ...  1.143835   NaN  3.220663     NaN

[1 rows x 11 columns]
Results\hedge-5\negtype-star-2\seed-9\agg\jc-aggregate.csv
Results\hedge-5\negtype-star-2\seed-9\jc-email-Eu
Train/testing..
feature: aa
-----------------------
auc_pr for aa-2: 0.9630408982426057
auc_roc for aa-2: 0.9148442587367049
               PR1       PR2  PR3      ROC1  ...      %PR2  %PR3      %ROC2  %PR3.1
email-Eu  0.880496  0.963041  NaN  0.762495  ...  9.374758   NaN  19.980429     NaN

[1 rows x 11 columns]
Results\hedge-5\negtype-star-2\seed-9\agg\aa-aggregate.csv
Results\hedge-5\negtype-star-2\seed-9\aa-email-Eu
Preparing 3-dim dataset..
..done: 5.98634672164917 seconds

Train/testing..
feature: gm
-----------------------
auc_pr for gm-3: 0.9761993557005904
auc_roc for gm-3: 0.9223328630345128
               PR1       PR2       PR3  ...     %ROC2  %PR3.1     %ROC3
email-Eu  0.975955  0.976103  0.976199  ...  0.021189     NaN  0.020596

[1 rows x 12 columns]
Results\hedge-5\negtype-star-2\seed-9\agg\gm-aggregate.csv
Results\hedge-5\negtype-star-2\seed-9\gm-email-Eu
Train/testing..
feature: hm
-----------------------
auc_pr for hm-3: 0.9741711506787296
auc_roc for hm-3: 0.9316583459952245
               PR1       PR2       PR3  ...     %ROC2  %PR3.1     %ROC3
email-Eu  0.973947  0.973132  0.974171  ... -0.648289     NaN  0.338971

[1 rows x 12 columns]
Results\hedge-5\negtype-star-2\seed-9\agg\hm-aggregate.csv
Results\hedge-5\negtype-star-2\seed-9\hm-email-Eu
Train/testing..
feature: am
-----------------------
auc_pr for am-3: 0.9818888712745164
auc_roc for am-3: 0.9541648578250489
               PR1       PR2       PR3  ...     %ROC2  %PR3.1     %ROC3
email-Eu  0.980275  0.980765  0.981889  ...  0.127547     NaN  0.216582

[1 rows x 12 columns]
Results\hedge-5\negtype-star-2\seed-9\agg\am-aggregate.csv
Results\hedge-5\negtype-star-2\seed-9\am-email-Eu
Train/testing..
feature: cn
-----------------------
auc_pr for cn-3: 0.9695023704428893
auc_roc for cn-3: 0.9213289559366182
               PR1       PR2       PR3  ...      %ROC2  %PR3.1     %ROC3
email-Eu  0.872817  0.963441  0.969502  ...  21.943647     NaN  0.873975

[1 rows x 12 columns]
Results\hedge-5\negtype-star-2\seed-9\agg\cn-aggregate.csv
Results\hedge-5\negtype-star-2\seed-9\cn-email-Eu
Train/testing..
feature: jc
-----------------------
auc_pr for jc-3: 0.9157312582931536
auc_roc for jc-3: 0.8277593878879965
              PR1       PR2       PR3  ...     %ROC2  %PR3.1     %ROC3
email-Eu  0.89099  0.901182  0.915731  ...  3.220663     NaN  3.343744

[1 rows x 12 columns]
Results\hedge-5\negtype-star-2\seed-9\agg\jc-aggregate.csv
Results\hedge-5\negtype-star-2\seed-9\jc-email-Eu
Train/testing..
feature: aa
-----------------------
auc_pr for aa-3: 0.9719855744057768
auc_roc for aa-3: 0.9244654873019318
               PR1       PR2       PR3  ...      %ROC2  %PR3.1     %ROC3
email-Eu  0.880496  0.963041  0.971986  ...  19.980429     NaN  1.051679

[1 rows x 12 columns]
Results\hedge-5\negtype-star-2\seed-9\agg\aa-aggregate.csv
Results\hedge-5\negtype-star-2\seed-9\aa-email-Eu
--- 24.805493593215942 seconds ---

Prediction start

hs: 5
neg_type: tailed
imb: 1
seed: 9
gn: email-Eu


Loading cached data..
..done: 4.976927280426025 seconds

Preparing 1-dim dataset..
..done: 3.1897122859954834 seconds

Train/testing..
feature: gm
-----------------------
auc_pr for gm-1: 0.9939171122994652
auc_roc for gm-1: 0.9330882352941177
               PR1  PR2  PR3      ROC1 ROC2 ROC3    / %PR2 %PR3 %ROC2 %PR3
email-Eu  0.993917  NaN  NaN  0.933088  NaN  NaN  NaN  NaN  NaN   NaN  NaN
Results\hedge-5\negtype-tailed-1\seed-9\agg\gm-aggregate.csv
Results\hedge-5\negtype-tailed-1\seed-9\gm-email-Eu
Train/testing..
feature: hm
-----------------------
auc_pr for hm-1: 0.9868599705094696
auc_roc for hm-1: 0.8740051903114187
              PR1  PR2  PR3      ROC1 ROC2 ROC3    / %PR2 %PR3 %ROC2 %PR3
email-Eu  0.98686  NaN  NaN  0.874005  NaN  NaN  NaN  NaN  NaN   NaN  NaN
Results\hedge-5\negtype-tailed-1\seed-9\agg\hm-aggregate.csv
Results\hedge-5\negtype-tailed-1\seed-9\hm-email-Eu
Train/testing..
feature: am
-----------------------
auc_pr for am-1: 0.9975085693277348
auc_roc for am-1: 0.9741782006920414
               PR1  PR2  PR3      ROC1 ROC2 ROC3    / %PR2 %PR3 %ROC2 %PR3
email-Eu  0.997509  NaN  NaN  0.974178  NaN  NaN  NaN  NaN  NaN   NaN  NaN
Results\hedge-5\negtype-tailed-1\seed-9\agg\am-aggregate.csv
Results\hedge-5\negtype-tailed-1\seed-9\am-email-Eu
Train/testing..
feature: cn
-----------------------
auc_pr for cn-1: 0.9195058655908455
auc_roc for cn-1: 0.571431660899654
               PR1  PR2  PR3      ROC1 ROC2 ROC3    / %PR2 %PR3 %ROC2 %PR3
email-Eu  0.919506  NaN  NaN  0.571432  NaN  NaN  NaN  NaN  NaN   NaN  NaN
Results\hedge-5\negtype-tailed-1\seed-9\agg\cn-aggregate.csv
Results\hedge-5\negtype-tailed-1\seed-9\cn-email-Eu
Train/testing..
feature: jc
-----------------------
auc_pr for jc-1: 0.9399470295467437
auc_roc for jc-1: 0.6611267301038062
               PR1  PR2  PR3      ROC1 ROC2 ROC3    / %PR2 %PR3 %ROC2 %PR3
email-Eu  0.939947  NaN  NaN  0.661127  NaN  NaN  NaN  NaN  NaN   NaN  NaN
Results\hedge-5\negtype-tailed-1\seed-9\agg\jc-aggregate.csv
Results\hedge-5\negtype-tailed-1\seed-9\jc-email-Eu
Train/testing..
feature: aa
-----------------------
auc_pr for aa-1: 0.9259739403690224
auc_roc for aa-1: 0.5928416955017302
               PR1  PR2  PR3      ROC1 ROC2 ROC3    / %PR2 %PR3 %ROC2 %PR3
email-Eu  0.925974  NaN  NaN  0.592842  NaN  NaN  NaN  NaN  NaN   NaN  NaN
Results\hedge-5\negtype-tailed-1\seed-9\agg\aa-aggregate.csv
Results\hedge-5\negtype-tailed-1\seed-9\aa-email-Eu
Preparing 2-dim dataset..
..done: 4.463005781173706 seconds

Train/testing..
feature: gm
-----------------------
auc_pr for gm-2: 0.9939171122994652
auc_roc for gm-2: 0.9330882352941177
               PR1       PR2  PR3      ROC1  ...  %PR2  %PR3         %ROC2  %PR3.1
email-Eu  0.993917  0.993917  NaN  0.933088  ...   0.0   NaN  1.189837e-14     NaN

[1 rows x 11 columns]
Results\hedge-5\negtype-tailed-1\seed-9\agg\gm-aggregate.csv
Results\hedge-5\negtype-tailed-1\seed-9\gm-email-Eu
Train/testing..
feature: hm
-----------------------
auc_pr for hm-2: 0.9880779123727157
auc_roc for hm-2: 0.8848832179930796
              PR1       PR2  PR3      ROC1  ...      %PR2  %PR3     %ROC2  %PR3.1
email-Eu  0.98686  0.988078  NaN  0.874005  ...  0.123416   NaN  1.244618     NaN

[1 rows x 11 columns]
Results\hedge-5\negtype-tailed-1\seed-9\agg\hm-aggregate.csv
Results\hedge-5\negtype-tailed-1\seed-9\hm-email-Eu
Train/testing..
feature: am
-----------------------
auc_pr for am-2: 0.997629463494532
auc_roc for am-2: 0.9753892733564014
               PR1       PR2  PR3      ROC1  ...     %PR2  %PR3     %ROC2  %PR3.1
email-Eu  0.997509  0.997629  NaN  0.974178  ...  0.01212   NaN  0.124317     NaN

[1 rows x 11 columns]
Results\hedge-5\negtype-tailed-1\seed-9\agg\am-aggregate.csv
Results\hedge-5\negtype-tailed-1\seed-9\am-email-Eu
Train/testing..
feature: cn
-----------------------
auc_pr for cn-2: 0.935025166343483
auc_roc for cn-2: 0.6812824394463669
               PR1       PR2  PR3      ROC1  ...      %PR2  %PR3      %ROC2  %PR3.1
email-Eu  0.919506  0.935025  NaN  0.571432  ...  1.687787   NaN  19.223782     NaN

[1 rows x 11 columns]
Results\hedge-5\negtype-tailed-1\seed-9\agg\cn-aggregate.csv
Results\hedge-5\negtype-tailed-1\seed-9\cn-email-Eu
Train/testing..
feature: jc
-----------------------
auc_pr for jc-2: 0.9423699914424417
auc_roc for jc-2: 0.6724589100346021
               PR1      PR2  PR3      ROC1  ...      %PR2  %PR3     %ROC2  %PR3.1
email-Eu  0.939947  0.94237  NaN  0.661127  ...  0.257776   NaN  1.714071     NaN

[1 rows x 11 columns]
Results\hedge-5\negtype-tailed-1\seed-9\agg\jc-aggregate.csv
Results\hedge-5\negtype-tailed-1\seed-9\jc-email-Eu
Train/testing..
feature: aa
-----------------------
auc_pr for aa-2: 0.9644482821624994
auc_roc for aa-2: 0.7505730968858133
               PR1       PR2  PR3      ROC1  ...      %PR2  %PR3     %ROC2  %PR3.1
email-Eu  0.925974  0.964448  NaN  0.592842  ...  4.155013   NaN  26.60599     NaN

[1 rows x 11 columns]
Results\hedge-5\negtype-tailed-1\seed-9\agg\aa-aggregate.csv
Results\hedge-5\negtype-tailed-1\seed-9\aa-email-Eu
Preparing 3-dim dataset..
..done: 5.472221851348877 seconds

Train/testing..
feature: gm
-----------------------
auc_pr for gm-3: 0.9939171122994652
auc_roc for gm-3: 0.9330882352941177
               PR1       PR2       PR3  ...         %ROC2  %PR3.1         %ROC3
email-Eu  0.993917  0.993917  0.993917  ...  1.189837e-14     NaN  1.189837e-14

[1 rows x 12 columns]
Results\hedge-5\negtype-tailed-1\seed-9\agg\gm-aggregate.csv
Results\hedge-5\negtype-tailed-1\seed-9\gm-email-Eu
Train/testing..
feature: hm
-----------------------
auc_pr for hm-3: 0.9882843054799922
auc_roc for hm-3: 0.8861159169550175
              PR1       PR2       PR3  ...     %ROC2  %PR3.1     %ROC3
email-Eu  0.98686  0.988078  0.988284  ...  1.244618     NaN  0.139306

[1 rows x 12 columns]
Results\hedge-5\negtype-tailed-1\seed-9\agg\hm-aggregate.csv
Results\hedge-5\negtype-tailed-1\seed-9\hm-email-Eu
Train/testing..
feature: am
-----------------------
auc_pr for am-3: 0.9976424818462017
auc_roc for am-3: 0.9755622837370242
               PR1       PR2       PR3  ...     %ROC2  %PR3.1     %ROC3
email-Eu  0.997509  0.997629  0.997642  ...  0.124317     NaN  0.017738

[1 rows x 12 columns]
Results\hedge-5\negtype-tailed-1\seed-9\agg\am-aggregate.csv
Results\hedge-5\negtype-tailed-1\seed-9\am-email-Eu
Train/testing..
feature: cn
-----------------------
auc_pr for cn-3: 0.9888038095017632
auc_roc for cn-3: 0.891349480968858
               PR1       PR2       PR3  ...      %ROC2  %PR3.1      %ROC3
email-Eu  0.919506  0.935025  0.988804  ...  19.223782     NaN  30.834061

[1 rows x 12 columns]
Results\hedge-5\negtype-tailed-1\seed-9\agg\cn-aggregate.csv
Results\hedge-5\negtype-tailed-1\seed-9\cn-email-Eu
Train/testing..
feature: jc
-----------------------
auc_pr for jc-3: 0.9498197747657287
auc_roc for jc-3: 0.7008109861591696
               PR1      PR2      PR3  ...     %ROC2  %PR3.1    %ROC3
email-Eu  0.939947  0.94237  0.94982  ...  1.714071     NaN  4.21618

[1 rows x 12 columns]
Results\hedge-5\negtype-tailed-1\seed-9\agg\jc-aggregate.csv
Results\hedge-5\negtype-tailed-1\seed-9\jc-email-Eu
Train/testing..
feature: aa
-----------------------
auc_pr for aa-3: 0.988643171076752
auc_roc for aa-3: 0.8901275951557094
               PR1       PR2       PR3  ...     %ROC2  %PR3.1      %ROC3
email-Eu  0.925974  0.964448  0.988643  ...  26.60599     NaN  18.593059

[1 rows x 12 columns]
Results\hedge-5\negtype-tailed-1\seed-9\agg\aa-aggregate.csv
Results\hedge-5\negtype-tailed-1\seed-9\aa-email-Eu
--- 22.488414764404297 seconds ---

Prediction start

hs: 5
neg_type: tailed
imb: 2
seed: 9
gn: email-Eu


Loading cached data..
..done: 5.392829179763794 seconds

Preparing 1-dim dataset..
..done: 3.8938701152801514 seconds

Train/testing..
feature: gm
-----------------------
auc_pr for gm-1: 0.9769515061545123
auc_roc for gm-1: 0.9191176470588236
               PR1  PR2  PR3      ROC1 ROC2 ROC3    / %PR2 %PR3 %ROC2 %PR3
email-Eu  0.976952  NaN  NaN  0.919118  NaN  NaN  NaN  NaN  NaN   NaN  NaN
Results\hedge-5\negtype-tailed-2\seed-9\agg\gm-aggregate.csv
Results\hedge-5\negtype-tailed-2\seed-9\gm-email-Eu
Train/testing..
feature: hm
-----------------------
auc_pr for hm-1: 0.9503473670943299
auc_roc for hm-1: 0.8654059040590406
               PR1  PR2  PR3      ROC1 ROC2 ROC3    / %PR2 %PR3 %ROC2 %PR3
email-Eu  0.950347  NaN  NaN  0.865406  NaN  NaN  NaN  NaN  NaN   NaN  NaN
Results\hedge-5\negtype-tailed-2\seed-9\agg\hm-aggregate.csv
Results\hedge-5\negtype-tailed-2\seed-9\hm-email-Eu
Train/testing..
feature: am
-----------------------
auc_pr for am-1: 0.9910202119988272
auc_roc for am-1: 0.9738604297807685
              PR1  PR2  PR3     ROC1 ROC2 ROC3    / %PR2 %PR3 %ROC2 %PR3
email-Eu  0.99102  NaN  NaN  0.97386  NaN  NaN  NaN  NaN  NaN   NaN  NaN
Results\hedge-5\negtype-tailed-2\seed-9\agg\am-aggregate.csv
Results\hedge-5\negtype-tailed-2\seed-9\am-email-Eu
Train/testing..
feature: cn
-----------------------
auc_pr for cn-1: 0.7969315922743576
auc_roc for cn-1: 0.65480518775776
               PR1  PR2  PR3      ROC1 ROC2 ROC3    / %PR2 %PR3 %ROC2 %PR3
email-Eu  0.796932  NaN  NaN  0.654805  NaN  NaN  NaN  NaN  NaN   NaN  NaN
Results\hedge-5\negtype-tailed-2\seed-9\agg\cn-aggregate.csv
Results\hedge-5\negtype-tailed-2\seed-9\cn-email-Eu
Train/testing..
feature: jc
-----------------------
auc_pr for jc-1: 0.7892011737266168
auc_roc for jc-1: 0.6584572389841545
               PR1  PR2  PR3      ROC1 ROC2 ROC3    / %PR2 %PR3 %ROC2 %PR3
email-Eu  0.789201  NaN  NaN  0.658457  NaN  NaN  NaN  NaN  NaN   NaN  NaN
Results\hedge-5\negtype-tailed-2\seed-9\agg\jc-aggregate.csv
Results\hedge-5\negtype-tailed-2\seed-9\jc-email-Eu
Train/testing..
feature: aa
-----------------------
auc_pr for aa-1: 0.803972021398029
auc_roc for aa-1: 0.6620116127631864
               PR1  PR2  PR3      ROC1 ROC2 ROC3    / %PR2 %PR3 %ROC2 %PR3
email-Eu  0.803972  NaN  NaN  0.662012  NaN  NaN  NaN  NaN  NaN   NaN  NaN
Results\hedge-5\negtype-tailed-2\seed-9\agg\aa-aggregate.csv
Results\hedge-5\negtype-tailed-2\seed-9\aa-email-Eu
Preparing 2-dim dataset..
..done: 5.492237091064453 seconds

Train/testing..
feature: gm
-----------------------
auc_pr for gm-2: 0.9769515061545123
auc_roc for gm-2: 0.9191176470588236
               PR1       PR2  PR3      ROC1  ...          %PR2  %PR3  %ROC2  %PR3.1
email-Eu  0.976952  0.976952  NaN  0.919118  ... -1.136416e-14   NaN    0.0     NaN

[1 rows x 11 columns]
Results\hedge-5\negtype-tailed-2\seed-9\agg\gm-aggregate.csv
Results\hedge-5\negtype-tailed-2\seed-9\gm-email-Eu
Train/testing..
feature: hm
-----------------------
auc_pr for hm-2: 0.953089821579161
auc_roc for hm-2: 0.8726177555893206
               PR1      PR2  PR3      ROC1  ...      %PR2  %PR3     %ROC2  %PR3.1
email-Eu  0.950347  0.95309  NaN  0.865406  ...  0.288574   NaN  0.833349     NaN

[1 rows x 11 columns]
Results\hedge-5\negtype-tailed-2\seed-9\agg\hm-aggregate.csv
Results\hedge-5\negtype-tailed-2\seed-9\hm-email-Eu
Train/testing..
feature: am
-----------------------
auc_pr for am-2: 0.99093312091215
auc_roc for am-2: 0.9735728239635337
              PR1       PR2  PR3     ROC1  ...      %PR2  %PR3     %ROC2  %PR3.1
email-Eu  0.99102  0.990933  NaN  0.97386  ... -0.008788   NaN -0.029533     NaN

[1 rows x 11 columns]
Results\hedge-5\negtype-tailed-2\seed-9\agg\am-aggregate.csv
Results\hedge-5\negtype-tailed-2\seed-9\am-email-Eu
Train/testing..
feature: cn
-----------------------
auc_pr for cn-2: 0.8846375329991476
auc_roc for cn-2: 0.8201134143694377
               PR1       PR2  PR3      ROC1  ...       %PR2  %PR3      %ROC2  %PR3.1
email-Eu  0.796932  0.884638  NaN  0.654805  ...  11.005454   NaN  25.245406     NaN

[1 rows x 11 columns]
Results\hedge-5\negtype-tailed-2\seed-9\agg\cn-aggregate.csv
Results\hedge-5\negtype-tailed-2\seed-9\cn-email-Eu
Train/testing..
feature: jc
-----------------------
auc_pr for jc-2: 0.8035737778646823
auc_roc for jc-2: 0.6774636422834817
               PR1       PR2  PR3      ROC1  ...      %PR2  %PR3     %ROC2  %PR3.1
email-Eu  0.789201  0.803574  NaN  0.658457  ...  1.821158   NaN  2.886505     NaN

[1 rows x 11 columns]
Results\hedge-5\negtype-tailed-2\seed-9\agg\jc-aggregate.csv
Results\hedge-5\negtype-tailed-2\seed-9\jc-email-Eu
Train/testing..
feature: aa
-----------------------
auc_pr for aa-2: 0.9152876438419542
auc_roc for aa-2: 0.8317180377686129
               PR1       PR2  PR3      ROC1  ...       %PR2  %PR3      %ROC2  %PR3.1
email-Eu  0.803972  0.915288  NaN  0.662012  ...  13.845708   NaN  25.634962     NaN

[1 rows x 11 columns]
Results\hedge-5\negtype-tailed-2\seed-9\agg\aa-aggregate.csv
Results\hedge-5\negtype-tailed-2\seed-9\aa-email-Eu
Preparing 3-dim dataset..
..done: 6.805511474609375 seconds

Train/testing..
feature: gm
-----------------------
auc_pr for gm-3: 0.9769515061545123
auc_roc for gm-3: 0.9191176470588236
               PR1       PR2       PR3  ...  %ROC2  %PR3.1  %ROC3
email-Eu  0.976952  0.976952  0.976952  ...    0.0     NaN    0.0

[1 rows x 12 columns]
Results\hedge-5\negtype-tailed-2\seed-9\agg\gm-aggregate.csv
Results\hedge-5\negtype-tailed-2\seed-9\gm-email-Eu
Train/testing..
feature: hm
-----------------------
auc_pr for hm-3: 0.9546844471026552
auc_roc for hm-3: 0.8757488604297808
               PR1      PR2       PR3  ...     %ROC2  %PR3.1     %ROC3
email-Eu  0.950347  0.95309  0.954684  ...  0.833349     NaN  0.358817

[1 rows x 12 columns]
Results\hedge-5\negtype-tailed-2\seed-9\agg\hm-aggregate.csv
Results\hedge-5\negtype-tailed-2\seed-9\hm-email-Eu
Train/testing..
feature: am
-----------------------
auc_pr for am-3: 0.9917576944943836
auc_roc for am-3: 0.974978293900586
              PR1       PR2       PR3  ...     %ROC2  %PR3.1     %ROC3
email-Eu  0.99102  0.990933  0.991758  ... -0.029533     NaN  0.144362

[1 rows x 12 columns]
Results\hedge-5\negtype-tailed-2\seed-9\agg\am-aggregate.csv
Results\hedge-5\negtype-tailed-2\seed-9\am-email-Eu
Train/testing..
feature: cn
-----------------------
auc_pr for cn-3: 0.966553012815953
auc_roc for cn-3: 0.9055404818754069
               PR1       PR2       PR3  ...      %ROC2  %PR3.1      %ROC3
email-Eu  0.796932  0.884638  0.966553  ...  25.245406     NaN  10.416494

[1 rows x 12 columns]
Results\hedge-5\negtype-tailed-2\seed-9\agg\cn-aggregate.csv
Results\hedge-5\negtype-tailed-2\seed-9\cn-email-Eu
Train/testing..
feature: jc
-----------------------
auc_pr for jc-3: 0.844733390299123
auc_roc for jc-3: 0.7257814195789016
               PR1       PR2       PR3  ...     %ROC2  %PR3.1     %ROC3
email-Eu  0.789201  0.803574  0.844733  ...  2.886505     NaN  7.132158

[1 rows x 12 columns]
Results\hedge-5\negtype-tailed-2\seed-9\agg\jc-aggregate.csv
Results\hedge-5\negtype-tailed-2\seed-9\jc-email-Eu
Train/testing..
feature: aa
-----------------------
auc_pr for aa-3: 0.967306749484881
auc_roc for aa-3: 0.9077002387670936
               PR1       PR2       PR3  ...      %ROC2  %PR3.1     %ROC3
email-Eu  0.803972  0.915288  0.967307  ...  25.634962     NaN  9.135572

[1 rows x 12 columns]
Results\hedge-5\negtype-tailed-2\seed-9\agg\aa-aggregate.csv
Results\hedge-5\negtype-tailed-2\seed-9\aa-email-Eu
--- 25.99941658973694 seconds ---

